2021-03-09 12:47:57,009 [Worker-5: Loading available Gradle versions] INFO  o.e.b.c.i.u.g.PublishedGradleVersions - Gradle version information cache is up-to-date. Trying to read.
2021-03-09 12:48:34,457 [Worker-7: Importing Maven projects] INFO  o.e.m.c.i.l.LifecycleMappingFactory - Using org.eclipse.m2e.jdt.JarLifecycleMapping lifecycle mapping for MavenProject: com.ncr.chess:com-ncr-chess:1.0-SNAPSHOT @ C:\Users\sudeshna87\Desktop\Interview-exercise\ChessProject\pom.xml.
2021-03-09 12:48:35,857 [Worker-7: Importing Maven projects] INFO  o.e.m.j.i.AbstractJavaProjectConfigurator - Adding source folder /ChessProject/src/main/java
2021-03-09 12:48:35,859 [Worker-7: Importing Maven projects] INFO  o.e.m.j.i.AbstractJavaProjectConfigurator - Adding source folder /ChessProject/src/test/java
2021-03-09 12:48:36,104 [Worker-7: Importing Maven projects] INFO  o.e.m.c.i.p.ProjectConfigurationManager - Imported and configured 1 project(s) in 5 sec
2021-03-09 12:48:36,906 [Worker-6: Building] INFO  o.e.m.c.i.embedder.EclipseLogger - Using 'UTF-8' encoding to copy filtered resources.
2021-03-09 12:48:36,907 [Worker-6: Building] INFO  o.e.m.c.i.embedder.EclipseLogger - skip non existing resourceDirectory C:\Users\sudeshna87\Desktop\Interview-exercise\ChessProject\src\main\resources
2021-03-09 12:48:36,910 [Worker-6: Building] INFO  o.e.m.c.i.embedder.EclipseLogger - Using 'UTF-8' encoding to copy filtered resources.
2021-03-09 12:48:36,911 [Worker-6: Building] INFO  o.e.m.c.i.embedder.EclipseLogger - skip non existing resourceDirectory C:\Users\sudeshna87\Desktop\Interview-exercise\ChessProject\src\test\resources
2021-03-09 12:51:52,040 [Worker-6: Building] INFO  o.e.m.c.i.l.LifecycleMappingFactory - Using org.eclipse.m2e.jdt.JarLifecycleMapping lifecycle mapping for MavenProject: com.ncr.chess:com-ncr-chess:1.0-SNAPSHOT @ C:\Users\sudeshna87\Desktop\Interview-exercise\ChessProject\pom.xml.
2021-03-09 12:51:52,495 [Worker-6: Building] INFO  o.e.m.c.i.embedder.EclipseLogger - Using 'UTF-8' encoding to copy filtered resources.
2021-03-09 12:51:52,496 [Worker-6: Building] INFO  o.e.m.c.i.embedder.EclipseLogger - skip non existing resourceDirectory C:\Users\sudeshna87\Desktop\Interview-exercise\ChessProject\src\main\resources
2021-03-09 12:51:52,499 [Worker-6: Building] INFO  o.e.m.c.i.embedder.EclipseLogger - Using 'UTF-8' encoding to copy filtered resources.
2021-03-09 12:51:52,499 [Worker-6: Building] INFO  o.e.m.c.i.embedder.EclipseLogger - skip non existing resourceDirectory C:\Users\sudeshna87\Desktop\Interview-exercise\ChessProject\src\test\resources
2021-03-09 12:52:16,233 [Worker-6: Building] INFO  o.e.m.c.i.embedder.EclipseLogger - Using 'UTF-8' encoding to copy filtered resources.
2021-03-09 12:52:16,233 [Worker-6: Building] INFO  o.e.m.c.i.embedder.EclipseLogger - skip non existing resourceDirectory C:\Users\sudeshna87\Desktop\Interview-exercise\ChessProject\src\main\resources
2021-03-09 12:52:16,236 [Worker-6: Building] INFO  o.e.m.c.i.embedder.EclipseLogger - Using 'UTF-8' encoding to copy filtered resources.
2021-03-09 12:52:16,237 [Worker-6: Building] INFO  o.e.m.c.i.embedder.EclipseLogger - skip non existing resourceDirectory C:\Users\sudeshna87\Desktop\Interview-exercise\ChessProject\src\test\resources
2021-03-09 12:52:34,403 [Worker-0: Updating Maven Project] INFO  o.e.m.c.i.p.ProjectConfigurationManager - Update started
2021-03-09 12:52:35,234 [Worker-0: Updating Maven Project] INFO  o.e.m.c.i.l.LifecycleMappingFactory - Using org.eclipse.m2e.jdt.JarLifecycleMapping lifecycle mapping for MavenProject: com.ncr.chess:com-ncr-chess:1.0-SNAPSHOT @ C:\Users\sudeshna87\Desktop\Interview-exercise\ChessProject\pom.xml.
2021-03-09 12:52:35,630 [Worker-0: Updating Maven Project] INFO  o.e.m.j.i.AbstractJavaProjectConfigurator - Adding source folder /ChessProject/src/main/java
2021-03-09 12:52:35,632 [Worker-0: Updating Maven Project] INFO  o.e.m.j.i.AbstractJavaProjectConfigurator - Adding source folder /ChessProject/src/test/java
2021-03-09 12:52:35,897 [Worker-0: Updating Maven Project] INFO  o.e.m.c.i.p.ProjectConfigurationManager - Update completed: 1 sec
2021-03-09 12:52:36,330 [Worker-6: Building] INFO  o.e.m.c.i.embedder.EclipseLogger - Using 'UTF-8' encoding to copy filtered resources.
2021-03-09 12:52:36,331 [Worker-6: Building] INFO  o.e.m.c.i.embedder.EclipseLogger - skip non existing resourceDirectory C:\Users\sudeshna87\Desktop\Interview-exercise\ChessProject\src\main\resources
2021-03-09 12:52:36,334 [Worker-6: Building] INFO  o.e.m.c.i.embedder.EclipseLogger - Using 'UTF-8' encoding to copy filtered resources.
2021-03-09 12:52:36,334 [Worker-6: Building] INFO  o.e.m.c.i.embedder.EclipseLogger - skip non existing resourceDirectory C:\Users\sudeshna87\Desktop\Interview-exercise\ChessProject\src\test\resources
2021-03-09 12:53:35,954 [Worker-6: Building] INFO  o.e.m.c.i.embedder.EclipseLogger - Using 'UTF-8' encoding to copy filtered resources.
2021-03-09 12:53:35,956 [Worker-6: Building] INFO  o.e.m.c.i.embedder.EclipseLogger - skip non existing resourceDirectory C:\Users\sudeshna87\Desktop\Interview-exercise\ChessProject\src\main\resources
2021-03-09 12:53:35,960 [Worker-6: Building] INFO  o.e.m.c.i.embedder.EclipseLogger - Using 'UTF-8' encoding to copy filtered resources.
2021-03-09 12:53:35,961 [Worker-6: Building] INFO  o.e.m.c.i.embedder.EclipseLogger - skip non existing resourceDirectory C:\Users\sudeshna87\Desktop\Interview-exercise\ChessProject\src\test\resources
2021-03-09 12:55:16,926 [Worker-11: Building] INFO  o.e.m.c.i.embedder.EclipseLogger - Using 'UTF-8' encoding to copy filtered resources.
2021-03-09 12:55:16,926 [Worker-11: Building] INFO  o.e.m.c.i.embedder.EclipseLogger - skip non existing resourceDirectory C:\Users\sudeshna87\Desktop\Interview-exercise\ChessProject\src\main\resources
2021-03-09 12:55:16,928 [Worker-11: Building] INFO  o.e.m.c.i.embedder.EclipseLogger - Using 'UTF-8' encoding to copy filtered resources.
2021-03-09 12:55:16,928 [Worker-11: Building] INFO  o.e.m.c.i.embedder.EclipseLogger - skip non existing resourceDirectory C:\Users\sudeshna87\Desktop\Interview-exercise\ChessProject\src\test\resources
2021-03-09 12:55:40,388 [Worker-8: Building] INFO  o.e.m.c.i.embedder.EclipseLogger - Using 'UTF-8' encoding to copy filtered resources.
2021-03-09 12:55:40,389 [Worker-8: Building] INFO  o.e.m.c.i.embedder.EclipseLogger - skip non existing resourceDirectory C:\Users\sudeshna87\Desktop\Interview-exercise\ChessProject\src\main\resources
2021-03-09 12:55:40,391 [Worker-8: Building] INFO  o.e.m.c.i.embedder.EclipseLogger - Using 'UTF-8' encoding to copy filtered resources.
2021-03-09 12:55:40,391 [Worker-8: Building] INFO  o.e.m.c.i.embedder.EclipseLogger - skip non existing resourceDirectory C:\Users\sudeshna87\Desktop\Interview-exercise\ChessProject\src\test\resources
2021-03-09 12:57:40,849 [Worker-10: Updating Maven Project] INFO  o.e.m.c.i.p.ProjectConfigurationManager - Update started
2021-03-09 12:57:41,500 [Worker-10: Updating Maven Project] INFO  o.e.m.c.i.l.LifecycleMappingFactory - Using org.eclipse.m2e.jdt.JarLifecycleMapping lifecycle mapping for MavenProject: com.ncr.chess:com-ncr-chess:1.0-SNAPSHOT @ C:\Users\sudeshna87\Desktop\Interview-exercise\ChessProject\pom.xml.
2021-03-09 12:57:42,070 [Worker-10: Updating Maven Project] INFO  o.e.m.j.i.AbstractJavaProjectConfigurator - Adding source folder /ChessProject/src/main/java
2021-03-09 12:57:42,072 [Worker-10: Updating Maven Project] INFO  o.e.m.j.i.AbstractJavaProjectConfigurator - Adding source folder /ChessProject/src/test/java
2021-03-09 12:57:42,290 [Worker-10: Updating Maven Project] INFO  o.e.m.c.i.p.ProjectConfigurationManager - Update completed: 1 sec
2021-03-09 12:57:42,863 [Worker-14: Building] INFO  o.e.m.c.i.embedder.EclipseLogger - Using 'UTF-8' encoding to copy filtered resources.
2021-03-09 12:57:42,863 [Worker-14: Building] INFO  o.e.m.c.i.embedder.EclipseLogger - skip non existing resourceDirectory C:\Users\sudeshna87\Desktop\Interview-exercise\ChessProject\src\main\resources
2021-03-09 12:57:42,867 [Worker-14: Building] INFO  o.e.m.c.i.embedder.EclipseLogger - Using 'UTF-8' encoding to copy filtered resources.
2021-03-09 12:57:42,867 [Worker-14: Building] INFO  o.e.m.c.i.embedder.EclipseLogger - skip non existing resourceDirectory C:\Users\sudeshna87\Desktop\Interview-exercise\ChessProject\src\test\resources
2021-03-09 12:58:44,686 [Worker-14: Building] INFO  o.e.m.c.i.embedder.EclipseLogger - Using 'UTF-8' encoding to copy filtered resources.
2021-03-09 12:58:44,687 [Worker-14: Building] INFO  o.e.m.c.i.embedder.EclipseLogger - skip non existing resourceDirectory C:\Users\sudeshna87\Desktop\Interview-exercise\ChessProject\src\main\resources
2021-03-09 12:58:44,689 [Worker-14: Building] INFO  o.e.m.c.i.embedder.EclipseLogger - Using 'UTF-8' encoding to copy filtered resources.
2021-03-09 12:58:44,689 [Worker-14: Building] INFO  o.e.m.c.i.embedder.EclipseLogger - skip non existing resourceDirectory C:\Users\sudeshna87\Desktop\Interview-exercise\ChessProject\src\test\resources
2021-03-09 13:41:04,144 [Worker-18: Building] INFO  o.e.m.c.i.embedder.EclipseLogger - Using 'UTF-8' encoding to copy filtered resources.
2021-03-09 13:41:04,167 [Worker-18: Building] INFO  o.e.m.c.i.embedder.EclipseLogger - skip non existing resourceDirectory C:\Users\sudeshna87\Desktop\Interview-exercise\ChessProject\src\main\resources
2021-03-09 13:41:04,169 [Worker-18: Building] INFO  o.e.m.c.i.embedder.EclipseLogger - Using 'UTF-8' encoding to copy filtered resources.
2021-03-09 13:41:04,169 [Worker-18: Building] INFO  o.e.m.c.i.embedder.EclipseLogger - skip non existing resourceDirectory C:\Users\sudeshna87\Desktop\Interview-exercise\ChessProject\src\test\resources
2021-03-09 13:46:52,341 [Worker-24: Building] INFO  o.e.m.c.i.embedder.EclipseLogger - Using 'UTF-8' encoding to copy filtered resources.
2021-03-09 13:46:52,342 [Worker-24: Building] INFO  o.e.m.c.i.embedder.EclipseLogger - skip non existing resourceDirectory C:\Users\sudeshna87\Desktop\Interview-exercise\ChessProject\src\main\resources
2021-03-09 13:46:52,343 [Worker-24: Building] INFO  o.e.m.c.i.embedder.EclipseLogger - Using 'UTF-8' encoding to copy filtered resources.
2021-03-09 13:46:52,344 [Worker-24: Building] INFO  o.e.m.c.i.embedder.EclipseLogger - skip non existing resourceDirectory C:\Users\sudeshna87\Desktop\Interview-exercise\ChessProject\src\test\resources
2021-03-09 13:53:30,018 [Worker-25: Building] INFO  o.e.m.c.i.embedder.EclipseLogger - Using 'UTF-8' encoding to copy filtered resources.
2021-03-09 13:53:30,019 [Worker-25: Building] INFO  o.e.m.c.i.embedder.EclipseLogger - skip non existing resourceDirectory C:\Users\sudeshna87\Desktop\Interview-exercise\ChessProject\src\main\resources
2021-03-09 13:53:30,021 [Worker-25: Building] INFO  o.e.m.c.i.embedder.EclipseLogger - Using 'UTF-8' encoding to copy filtered resources.
2021-03-09 13:53:30,022 [Worker-25: Building] INFO  o.e.m.c.i.embedder.EclipseLogger - skip non existing resourceDirectory C:\Users\sudeshna87\Desktop\Interview-exercise\ChessProject\src\test\resources
2021-03-09 14:46:39,345 [Worker-36: Building] INFO  o.e.m.c.i.embedder.EclipseLogger - Using 'UTF-8' encoding to copy filtered resources.
2021-03-09 14:46:39,346 [Worker-36: Building] INFO  o.e.m.c.i.embedder.EclipseLogger - skip non existing resourceDirectory C:\Users\sudeshna87\Desktop\Interview-exercise\ChessProject\src\main\resources
2021-03-09 14:46:39,347 [Worker-36: Building] INFO  o.e.m.c.i.embedder.EclipseLogger - Using 'UTF-8' encoding to copy filtered resources.
2021-03-09 14:46:39,348 [Worker-36: Building] INFO  o.e.m.c.i.embedder.EclipseLogger - skip non existing resourceDirectory C:\Users\sudeshna87\Desktop\Interview-exercise\ChessProject\src\test\resources
2021-03-09 14:49:46,664 [Worker-34: Building] INFO  o.e.m.c.i.embedder.EclipseLogger - Using 'UTF-8' encoding to copy filtered resources.
2021-03-09 14:49:46,665 [Worker-34: Building] INFO  o.e.m.c.i.embedder.EclipseLogger - skip non existing resourceDirectory C:\Users\sudeshna87\Desktop\Interview-exercise\ChessProject\src\main\resources
2021-03-09 14:49:46,666 [Worker-34: Building] INFO  o.e.m.c.i.embedder.EclipseLogger - Using 'UTF-8' encoding to copy filtered resources.
2021-03-09 14:49:46,667 [Worker-34: Building] INFO  o.e.m.c.i.embedder.EclipseLogger - skip non existing resourceDirectory C:\Users\sudeshna87\Desktop\Interview-exercise\ChessProject\src\test\resources
2021-03-09 14:54:15,179 [Worker-41: Building] INFO  o.e.m.c.i.embedder.EclipseLogger - Using 'UTF-8' encoding to copy filtered resources.
2021-03-09 14:54:15,185 [Worker-41: Building] INFO  o.e.m.c.i.embedder.EclipseLogger - skip non existing resourceDirectory C:\Users\sudeshna87\Desktop\Interview-exercise\ChessProject\src\main\resources
2021-03-09 14:54:15,186 [Worker-41: Building] INFO  o.e.m.c.i.embedder.EclipseLogger - Using 'UTF-8' encoding to copy filtered resources.
2021-03-09 14:54:15,186 [Worker-41: Building] INFO  o.e.m.c.i.embedder.EclipseLogger - skip non existing resourceDirectory C:\Users\sudeshna87\Desktop\Interview-exercise\ChessProject\src\test\resources
2021-03-09 15:05:45,792 [Worker-49: Building] INFO  o.e.m.c.i.embedder.EclipseLogger - Using 'UTF-8' encoding to copy filtered resources.
2021-03-09 15:05:45,799 [Worker-49: Building] INFO  o.e.m.c.i.embedder.EclipseLogger - skip non existing resourceDirectory C:\Users\sudeshna87\Desktop\Interview-exercise\ChessProject\src\main\resources
2021-03-09 15:05:45,801 [Worker-49: Building] INFO  o.e.m.c.i.embedder.EclipseLogger - Using 'UTF-8' encoding to copy filtered resources.
2021-03-09 15:05:45,802 [Worker-49: Building] INFO  o.e.m.c.i.embedder.EclipseLogger - skip non existing resourceDirectory C:\Users\sudeshna87\Desktop\Interview-exercise\ChessProject\src\test\resources
2021-03-09 16:18:11,480 [Worker-62: Building] INFO  o.e.m.c.i.embedder.EclipseLogger - Using 'UTF-8' encoding to copy filtered resources.
2021-03-09 16:18:11,481 [Worker-62: Building] INFO  o.e.m.c.i.embedder.EclipseLogger - skip non existing resourceDirectory C:\Users\sudeshna87\Desktop\Interview-exercise\ChessProject\src\main\resources
2021-03-09 16:18:11,488 [Worker-62: Building] INFO  o.e.m.c.i.embedder.EclipseLogger - Using 'UTF-8' encoding to copy filtered resources.
2021-03-09 16:18:11,488 [Worker-62: Building] INFO  o.e.m.c.i.embedder.EclipseLogger - skip non existing resourceDirectory C:\Users\sudeshna87\Desktop\Interview-exercise\ChessProject\src\test\resources
2021-03-09 16:18:28,884 [Worker-65: Building] INFO  o.e.m.c.i.embedder.EclipseLogger - Using 'UTF-8' encoding to copy filtered resources.
2021-03-09 16:18:28,885 [Worker-65: Building] INFO  o.e.m.c.i.embedder.EclipseLogger - skip non existing resourceDirectory C:\Users\sudeshna87\Desktop\Interview-exercise\ChessProject\src\main\resources
2021-03-09 16:18:28,887 [Worker-65: Building] INFO  o.e.m.c.i.embedder.EclipseLogger - Using 'UTF-8' encoding to copy filtered resources.
2021-03-09 16:18:28,887 [Worker-65: Building] INFO  o.e.m.c.i.embedder.EclipseLogger - skip non existing resourceDirectory C:\Users\sudeshna87\Desktop\Interview-exercise\ChessProject\src\test\resources
2021-03-09 16:20:10,795 [Worker-61: Building] INFO  o.e.m.c.i.embedder.EclipseLogger - Using 'UTF-8' encoding to copy filtered resources.
2021-03-09 16:20:10,796 [Worker-61: Building] INFO  o.e.m.c.i.embedder.EclipseLogger - skip non existing resourceDirectory C:\Users\sudeshna87\Desktop\Interview-exercise\ChessProject\src\main\resources
2021-03-09 16:20:10,797 [Worker-61: Building] INFO  o.e.m.c.i.embedder.EclipseLogger - Using 'UTF-8' encoding to copy filtered resources.
2021-03-09 16:20:10,797 [Worker-61: Building] INFO  o.e.m.c.i.embedder.EclipseLogger - skip non existing resourceDirectory C:\Users\sudeshna87\Desktop\Interview-exercise\ChessProject\src\test\resources
2021-03-09 16:22:12,674 [Worker-61: Building] INFO  o.e.m.c.i.embedder.EclipseLogger - Using 'UTF-8' encoding to copy filtered resources.
2021-03-09 16:22:12,675 [Worker-61: Building] INFO  o.e.m.c.i.embedder.EclipseLogger - skip non existing resourceDirectory C:\Users\sudeshna87\Desktop\Interview-exercise\ChessProject\src\main\resources
2021-03-09 16:22:12,677 [Worker-61: Building] INFO  o.e.m.c.i.embedder.EclipseLogger - Using 'UTF-8' encoding to copy filtered resources.
2021-03-09 16:22:12,677 [Worker-61: Building] INFO  o.e.m.c.i.embedder.EclipseLogger - skip non existing resourceDirectory C:\Users\sudeshna87\Desktop\Interview-exercise\ChessProject\src\test\resources
2021-03-09 16:23:32,707 [Worker-63: Building] INFO  o.e.m.c.i.embedder.EclipseLogger - Using 'UTF-8' encoding to copy filtered resources.
2021-03-09 16:23:32,707 [Worker-63: Building] INFO  o.e.m.c.i.embedder.EclipseLogger - skip non existing resourceDirectory C:\Users\sudeshna87\Desktop\Interview-exercise\ChessProject\src\main\resources
2021-03-09 16:23:32,709 [Worker-63: Building] INFO  o.e.m.c.i.embedder.EclipseLogger - Using 'UTF-8' encoding to copy filtered resources.
2021-03-09 16:23:32,709 [Worker-63: Building] INFO  o.e.m.c.i.embedder.EclipseLogger - skip non existing resourceDirectory C:\Users\sudeshna87\Desktop\Interview-exercise\ChessProject\src\test\resources
2021-03-09 16:25:13,123 [Worker-61: Building] INFO  o.e.m.c.i.embedder.EclipseLogger - Using 'UTF-8' encoding to copy filtered resources.
2021-03-09 16:25:13,123 [Worker-61: Building] INFO  o.e.m.c.i.embedder.EclipseLogger - skip non existing resourceDirectory C:\Users\sudeshna87\Desktop\Interview-exercise\ChessProject\src\main\resources
2021-03-09 16:25:13,124 [Worker-61: Building] INFO  o.e.m.c.i.embedder.EclipseLogger - Using 'UTF-8' encoding to copy filtered resources.
2021-03-09 16:25:13,125 [Worker-61: Building] INFO  o.e.m.c.i.embedder.EclipseLogger - skip non existing resourceDirectory C:\Users\sudeshna87\Desktop\Interview-exercise\ChessProject\src\test\resources
2021-03-09 16:41:42,433 [Worker-67: Building] INFO  o.e.m.c.i.embedder.EclipseLogger - Using 'UTF-8' encoding to copy filtered resources.
2021-03-09 16:41:42,434 [Worker-67: Building] INFO  o.e.m.c.i.embedder.EclipseLogger - skip non existing resourceDirectory C:\Users\sudeshna87\Desktop\Interview-exercise\ChessProject\src\main\resources
2021-03-09 16:41:42,435 [Worker-67: Building] INFO  o.e.m.c.i.embedder.EclipseLogger - Using 'UTF-8' encoding to copy filtered resources.
2021-03-09 16:41:42,436 [Worker-67: Building] INFO  o.e.m.c.i.embedder.EclipseLogger - skip non existing resourceDirectory C:\Users\sudeshna87\Desktop\Interview-exercise\ChessProject\src\test\resources
2021-03-09 16:42:02,117 [Worker-70: Building] INFO  o.e.m.c.i.embedder.EclipseLogger - Using 'UTF-8' encoding to copy filtered resources.
2021-03-09 16:42:02,117 [Worker-70: Building] INFO  o.e.m.c.i.embedder.EclipseLogger - skip non existing resourceDirectory C:\Users\sudeshna87\Desktop\Interview-exercise\ChessProject\src\main\resources
2021-03-09 16:42:02,119 [Worker-70: Building] INFO  o.e.m.c.i.embedder.EclipseLogger - Using 'UTF-8' encoding to copy filtered resources.
2021-03-09 16:42:02,119 [Worker-70: Building] INFO  o.e.m.c.i.embedder.EclipseLogger - skip non existing resourceDirectory C:\Users\sudeshna87\Desktop\Interview-exercise\ChessProject\src\test\resources
2021-03-09 16:44:21,005 [Worker-67: Building] INFO  o.e.m.c.i.embedder.EclipseLogger - Using 'UTF-8' encoding to copy filtered resources.
2021-03-09 16:44:21,005 [Worker-67: Building] INFO  o.e.m.c.i.embedder.EclipseLogger - skip non existing resourceDirectory C:\Users\sudeshna87\Desktop\Interview-exercise\ChessProject\src\main\resources
2021-03-09 16:44:21,009 [Worker-67: Building] INFO  o.e.m.c.i.embedder.EclipseLogger - Using 'UTF-8' encoding to copy filtered resources.
2021-03-09 16:44:21,009 [Worker-67: Building] INFO  o.e.m.c.i.embedder.EclipseLogger - skip non existing resourceDirectory C:\Users\sudeshna87\Desktop\Interview-exercise\ChessProject\src\test\resources
2021-03-09 16:45:56,927 [Worker-74: Building] INFO  o.e.m.c.i.embedder.EclipseLogger - Using 'UTF-8' encoding to copy filtered resources.
2021-03-09 16:45:56,927 [Worker-74: Building] INFO  o.e.m.c.i.embedder.EclipseLogger - skip non existing resourceDirectory C:\Users\sudeshna87\Desktop\Interview-exercise\ChessProject\src\main\resources
2021-03-09 16:45:56,928 [Worker-74: Building] INFO  o.e.m.c.i.embedder.EclipseLogger - Using 'UTF-8' encoding to copy filtered resources.
2021-03-09 16:45:56,929 [Worker-74: Building] INFO  o.e.m.c.i.embedder.EclipseLogger - skip non existing resourceDirectory C:\Users\sudeshna87\Desktop\Interview-exercise\ChessProject\src\test\resources
2021-03-09 16:46:09,401 [Worker-75: Building] INFO  o.e.m.c.i.embedder.EclipseLogger - Using 'UTF-8' encoding to copy filtered resources.
2021-03-09 16:46:09,401 [Worker-75: Building] INFO  o.e.m.c.i.embedder.EclipseLogger - skip non existing resourceDirectory C:\Users\sudeshna87\Desktop\Interview-exercise\ChessProject\src\main\resources
2021-03-09 16:46:09,402 [Worker-75: Building] INFO  o.e.m.c.i.embedder.EclipseLogger - Using 'UTF-8' encoding to copy filtered resources.
2021-03-09 16:46:09,402 [Worker-75: Building] INFO  o.e.m.c.i.embedder.EclipseLogger - skip non existing resourceDirectory C:\Users\sudeshna87\Desktop\Interview-exercise\ChessProject\src\test\resources
2021-03-09 16:46:35,505 [Worker-71: Building] INFO  o.e.m.c.i.embedder.EclipseLogger - Using 'UTF-8' encoding to copy filtered resources.
2021-03-09 16:46:35,505 [Worker-71: Building] INFO  o.e.m.c.i.embedder.EclipseLogger - skip non existing resourceDirectory C:\Users\sudeshna87\Desktop\Interview-exercise\ChessProject\src\main\resources
2021-03-09 16:46:35,506 [Worker-71: Building] INFO  o.e.m.c.i.embedder.EclipseLogger - Using 'UTF-8' encoding to copy filtered resources.
2021-03-09 16:46:35,506 [Worker-71: Building] INFO  o.e.m.c.i.embedder.EclipseLogger - skip non existing resourceDirectory C:\Users\sudeshna87\Desktop\Interview-exercise\ChessProject\src\test\resources
2021-03-09 16:48:27,900 [Worker-78: Building] INFO  o.e.m.c.i.embedder.EclipseLogger - Using 'UTF-8' encoding to copy filtered resources.
2021-03-09 16:48:27,900 [Worker-78: Building] INFO  o.e.m.c.i.embedder.EclipseLogger - skip non existing resourceDirectory C:\Users\sudeshna87\Desktop\Interview-exercise\ChessProject\src\main\resources
2021-03-09 16:48:27,902 [Worker-78: Building] INFO  o.e.m.c.i.embedder.EclipseLogger - Using 'UTF-8' encoding to copy filtered resources.
2021-03-09 16:48:27,903 [Worker-78: Building] INFO  o.e.m.c.i.embedder.EclipseLogger - skip non existing resourceDirectory C:\Users\sudeshna87\Desktop\Interview-exercise\ChessProject\src\test\resources
2021-03-09 16:59:21,558 [Worker-82: Building] INFO  o.e.m.c.i.embedder.EclipseLogger - Using 'UTF-8' encoding to copy filtered resources.
2021-03-09 16:59:21,558 [Worker-82: Building] INFO  o.e.m.c.i.embedder.EclipseLogger - skip non existing resourceDirectory C:\Users\sudeshna87\Desktop\Interview-exercise\ChessProject\src\main\resources
2021-03-09 16:59:21,560 [Worker-82: Building] INFO  o.e.m.c.i.embedder.EclipseLogger - Using 'UTF-8' encoding to copy filtered resources.
2021-03-09 16:59:21,560 [Worker-82: Building] INFO  o.e.m.c.i.embedder.EclipseLogger - skip non existing resourceDirectory C:\Users\sudeshna87\Desktop\Interview-exercise\ChessProject\src\test\resources
2021-03-09 17:02:43,856 [Worker-82: Building] INFO  o.e.m.c.i.embedder.EclipseLogger - Using 'UTF-8' encoding to copy filtered resources.
2021-03-09 17:02:43,857 [Worker-82: Building] INFO  o.e.m.c.i.embedder.EclipseLogger - skip non existing resourceDirectory C:\Users\sudeshna87\Desktop\Interview-exercise\ChessProject\src\main\resources
2021-03-09 17:02:43,859 [Worker-82: Building] INFO  o.e.m.c.i.embedder.EclipseLogger - Using 'UTF-8' encoding to copy filtered resources.
2021-03-09 17:02:43,859 [Worker-82: Building] INFO  o.e.m.c.i.embedder.EclipseLogger - skip non existing resourceDirectory C:\Users\sudeshna87\Desktop\Interview-exercise\ChessProject\src\test\resources
2021-03-09 17:05:51,367 [Worker-84: Building] INFO  o.e.m.c.i.embedder.EclipseLogger - Using 'UTF-8' encoding to copy filtered resources.
2021-03-09 17:05:51,368 [Worker-84: Building] INFO  o.e.m.c.i.embedder.EclipseLogger - skip non existing resourceDirectory C:\Users\sudeshna87\Desktop\Interview-exercise\ChessProject\src\main\resources
2021-03-09 17:05:51,369 [Worker-84: Building] INFO  o.e.m.c.i.embedder.EclipseLogger - Using 'UTF-8' encoding to copy filtered resources.
2021-03-09 17:05:51,369 [Worker-84: Building] INFO  o.e.m.c.i.embedder.EclipseLogger - skip non existing resourceDirectory C:\Users\sudeshna87\Desktop\Interview-exercise\ChessProject\src\test\resources
2021-03-09 17:16:41,727 [Worker-86: Building] INFO  o.e.m.c.i.embedder.EclipseLogger - Using 'UTF-8' encoding to copy filtered resources.
2021-03-09 17:16:41,739 [Worker-86: Building] INFO  o.e.m.c.i.embedder.EclipseLogger - skip non existing resourceDirectory C:\Users\sudeshna87\Desktop\Interview-exercise\ChessProject\src\main\resources
2021-03-09 17:16:41,741 [Worker-86: Building] INFO  o.e.m.c.i.embedder.EclipseLogger - Using 'UTF-8' encoding to copy filtered resources.
2021-03-09 17:16:41,742 [Worker-86: Building] INFO  o.e.m.c.i.embedder.EclipseLogger - skip non existing resourceDirectory C:\Users\sudeshna87\Desktop\Interview-exercise\ChessProject\src\test\resources
2021-03-09 17:17:07,595 [Worker-86: Building] INFO  o.e.m.c.i.embedder.EclipseLogger - Using 'UTF-8' encoding to copy filtered resources.
2021-03-09 17:17:07,595 [Worker-86: Building] INFO  o.e.m.c.i.embedder.EclipseLogger - skip non existing resourceDirectory C:\Users\sudeshna87\Desktop\Interview-exercise\ChessProject\src\main\resources
2021-03-09 17:17:07,597 [Worker-86: Building] INFO  o.e.m.c.i.embedder.EclipseLogger - Using 'UTF-8' encoding to copy filtered resources.
2021-03-09 17:17:07,597 [Worker-86: Building] INFO  o.e.m.c.i.embedder.EclipseLogger - skip non existing resourceDirectory C:\Users\sudeshna87\Desktop\Interview-exercise\ChessProject\src\test\resources
2021-03-09 17:17:54,656 [Worker-89: Building] INFO  o.e.m.c.i.embedder.EclipseLogger - Using 'UTF-8' encoding to copy filtered resources.
2021-03-09 17:17:54,656 [Worker-89: Building] INFO  o.e.m.c.i.embedder.EclipseLogger - skip non existing resourceDirectory C:\Users\sudeshna87\Desktop\Interview-exercise\ChessProject\src\main\resources
2021-03-09 17:17:54,658 [Worker-89: Building] INFO  o.e.m.c.i.embedder.EclipseLogger - Using 'UTF-8' encoding to copy filtered resources.
2021-03-09 17:17:54,658 [Worker-89: Building] INFO  o.e.m.c.i.embedder.EclipseLogger - skip non existing resourceDirectory C:\Users\sudeshna87\Desktop\Interview-exercise\ChessProject\src\test\resources
2021-03-09 17:18:35,306 [Worker-90: Building] INFO  o.e.m.c.i.embedder.EclipseLogger - Using 'UTF-8' encoding to copy filtered resources.
2021-03-09 17:18:35,307 [Worker-90: Building] INFO  o.e.m.c.i.embedder.EclipseLogger - skip non existing resourceDirectory C:\Users\sudeshna87\Desktop\Interview-exercise\ChessProject\src\main\resources
2021-03-09 17:18:35,308 [Worker-90: Building] INFO  o.e.m.c.i.embedder.EclipseLogger - Using 'UTF-8' encoding to copy filtered resources.
2021-03-09 17:18:35,308 [Worker-90: Building] INFO  o.e.m.c.i.embedder.EclipseLogger - skip non existing resourceDirectory C:\Users\sudeshna87\Desktop\Interview-exercise\ChessProject\src\test\resources
2021-03-09 17:21:33,214 [Worker-87: Building] INFO  o.e.m.c.i.embedder.EclipseLogger - Using 'UTF-8' encoding to copy filtered resources.
2021-03-09 17:21:33,215 [Worker-87: Building] INFO  o.e.m.c.i.embedder.EclipseLogger - skip non existing resourceDirectory C:\Users\sudeshna87\Desktop\Interview-exercise\ChessProject\src\main\resources
2021-03-09 17:21:33,216 [Worker-87: Building] INFO  o.e.m.c.i.embedder.EclipseLogger - Using 'UTF-8' encoding to copy filtered resources.
2021-03-09 17:21:33,217 [Worker-87: Building] INFO  o.e.m.c.i.embedder.EclipseLogger - skip non existing resourceDirectory C:\Users\sudeshna87\Desktop\Interview-exercise\ChessProject\src\test\resources
2021-03-09 17:24:23,761 [Worker-87: Building] INFO  o.e.m.c.i.embedder.EclipseLogger - Using 'UTF-8' encoding to copy filtered resources.
2021-03-09 17:24:23,762 [Worker-87: Building] INFO  o.e.m.c.i.embedder.EclipseLogger - skip non existing resourceDirectory C:\Users\sudeshna87\Desktop\Interview-exercise\ChessProject\src\main\resources
2021-03-09 17:24:23,763 [Worker-87: Building] INFO  o.e.m.c.i.embedder.EclipseLogger - Using 'UTF-8' encoding to copy filtered resources.
2021-03-09 17:24:23,763 [Worker-87: Building] INFO  o.e.m.c.i.embedder.EclipseLogger - skip non existing resourceDirectory C:\Users\sudeshna87\Desktop\Interview-exercise\ChessProject\src\test\resources
2021-03-09 17:25:19,456 [Worker-86: Building] INFO  o.e.m.c.i.embedder.EclipseLogger - Using 'UTF-8' encoding to copy filtered resources.
2021-03-09 17:25:19,457 [Worker-86: Building] INFO  o.e.m.c.i.embedder.EclipseLogger - skip non existing resourceDirectory C:\Users\sudeshna87\Desktop\Interview-exercise\ChessProject\src\main\resources
2021-03-09 17:25:19,459 [Worker-86: Building] INFO  o.e.m.c.i.embedder.EclipseLogger - Using 'UTF-8' encoding to copy filtered resources.
2021-03-09 17:25:19,460 [Worker-86: Building] INFO  o.e.m.c.i.embedder.EclipseLogger - skip non existing resourceDirectory C:\Users\sudeshna87\Desktop\Interview-exercise\ChessProject\src\test\resources
2021-03-09 17:28:01,024 [Worker-87: Building] INFO  o.e.m.c.i.embedder.EclipseLogger - Using 'UTF-8' encoding to copy filtered resources.
2021-03-09 17:28:01,025 [Worker-87: Building] INFO  o.e.m.c.i.embedder.EclipseLogger - skip non existing resourceDirectory C:\Users\sudeshna87\Desktop\Interview-exercise\ChessProject\src\main\resources
2021-03-09 17:28:01,026 [Worker-87: Building] INFO  o.e.m.c.i.embedder.EclipseLogger - Using 'UTF-8' encoding to copy filtered resources.
2021-03-09 17:28:01,027 [Worker-87: Building] INFO  o.e.m.c.i.embedder.EclipseLogger - skip non existing resourceDirectory C:\Users\sudeshna87\Desktop\Interview-exercise\ChessProject\src\test\resources
2021-03-09 17:30:29,198 [Worker-91: Building] INFO  o.e.m.c.i.embedder.EclipseLogger - Using 'UTF-8' encoding to copy filtered resources.
2021-03-09 17:30:29,199 [Worker-91: Building] INFO  o.e.m.c.i.embedder.EclipseLogger - skip non existing resourceDirectory C:\Users\sudeshna87\Desktop\Interview-exercise\ChessProject\src\main\resources
2021-03-09 17:30:29,200 [Worker-91: Building] INFO  o.e.m.c.i.embedder.EclipseLogger - Using 'UTF-8' encoding to copy filtered resources.
2021-03-09 17:30:29,201 [Worker-91: Building] INFO  o.e.m.c.i.embedder.EclipseLogger - skip non existing resourceDirectory C:\Users\sudeshna87\Desktop\Interview-exercise\ChessProject\src\test\resources
2021-03-09 17:31:04,830 [Worker-87: Building] INFO  o.e.m.c.i.embedder.EclipseLogger - Using 'UTF-8' encoding to copy filtered resources.
2021-03-09 17:31:04,831 [Worker-87: Building] INFO  o.e.m.c.i.embedder.EclipseLogger - skip non existing resourceDirectory C:\Users\sudeshna87\Desktop\Interview-exercise\ChessProject\src\main\resources
2021-03-09 17:31:04,832 [Worker-87: Building] INFO  o.e.m.c.i.embedder.EclipseLogger - Using 'UTF-8' encoding to copy filtered resources.
2021-03-09 17:31:04,832 [Worker-87: Building] INFO  o.e.m.c.i.embedder.EclipseLogger - skip non existing resourceDirectory C:\Users\sudeshna87\Desktop\Interview-exercise\ChessProject\src\test\resources
2021-03-09 17:32:30,508 [Worker-87: Building] INFO  o.e.m.c.i.embedder.EclipseLogger - Using 'UTF-8' encoding to copy filtered resources.
2021-03-09 17:32:30,509 [Worker-87: Building] INFO  o.e.m.c.i.embedder.EclipseLogger - skip non existing resourceDirectory C:\Users\sudeshna87\Desktop\Interview-exercise\ChessProject\src\main\resources
2021-03-09 17:32:30,510 [Worker-87: Building] INFO  o.e.m.c.i.embedder.EclipseLogger - Using 'UTF-8' encoding to copy filtered resources.
2021-03-09 17:32:30,511 [Worker-87: Building] INFO  o.e.m.c.i.embedder.EclipseLogger - skip non existing resourceDirectory C:\Users\sudeshna87\Desktop\Interview-exercise\ChessProject\src\test\resources
2021-03-09 17:33:08,753 [Worker-94: Building] INFO  o.e.m.c.i.embedder.EclipseLogger - Using 'UTF-8' encoding to copy filtered resources.
2021-03-09 17:33:08,753 [Worker-94: Building] INFO  o.e.m.c.i.embedder.EclipseLogger - skip non existing resourceDirectory C:\Users\sudeshna87\Desktop\Interview-exercise\ChessProject\src\main\resources
2021-03-09 17:33:08,755 [Worker-94: Building] INFO  o.e.m.c.i.embedder.EclipseLogger - Using 'UTF-8' encoding to copy filtered resources.
2021-03-09 17:33:08,755 [Worker-94: Building] INFO  o.e.m.c.i.embedder.EclipseLogger - skip non existing resourceDirectory C:\Users\sudeshna87\Desktop\Interview-exercise\ChessProject\src\test\resources
2021-03-09 17:33:32,280 [Worker-94: Building] INFO  o.e.m.c.i.embedder.EclipseLogger - Using 'UTF-8' encoding to copy filtered resources.
2021-03-09 17:33:32,281 [Worker-94: Building] INFO  o.e.m.c.i.embedder.EclipseLogger - skip non existing resourceDirectory C:\Users\sudeshna87\Desktop\Interview-exercise\ChessProject\src\main\resources
2021-03-09 17:33:32,287 [Worker-94: Building] INFO  o.e.m.c.i.embedder.EclipseLogger - Using 'UTF-8' encoding to copy filtered resources.
2021-03-09 17:33:32,287 [Worker-94: Building] INFO  o.e.m.c.i.embedder.EclipseLogger - skip non existing resourceDirectory C:\Users\sudeshna87\Desktop\Interview-exercise\ChessProject\src\test\resources
2021-03-09 17:37:58,031 [Worker-94: Building] INFO  o.e.m.c.i.embedder.EclipseLogger - Using 'UTF-8' encoding to copy filtered resources.
2021-03-09 17:37:58,031 [Worker-94: Building] INFO  o.e.m.c.i.embedder.EclipseLogger - skip non existing resourceDirectory C:\Users\sudeshna87\Desktop\Interview-exercise\ChessProject\src\main\resources
2021-03-09 17:37:58,033 [Worker-94: Building] INFO  o.e.m.c.i.embedder.EclipseLogger - Using 'UTF-8' encoding to copy filtered resources.
2021-03-09 17:37:58,033 [Worker-94: Building] INFO  o.e.m.c.i.embedder.EclipseLogger - skip non existing resourceDirectory C:\Users\sudeshna87\Desktop\Interview-exercise\ChessProject\src\test\resources
2021-03-09 17:38:16,371 [Worker-93: Building] INFO  o.e.m.c.i.embedder.EclipseLogger - Using 'UTF-8' encoding to copy filtered resources.
2021-03-09 17:38:16,371 [Worker-93: Building] INFO  o.e.m.c.i.embedder.EclipseLogger - skip non existing resourceDirectory C:\Users\sudeshna87\Desktop\Interview-exercise\ChessProject\src\main\resources
2021-03-09 17:38:16,373 [Worker-93: Building] INFO  o.e.m.c.i.embedder.EclipseLogger - Using 'UTF-8' encoding to copy filtered resources.
2021-03-09 17:38:16,373 [Worker-93: Building] INFO  o.e.m.c.i.embedder.EclipseLogger - skip non existing resourceDirectory C:\Users\sudeshna87\Desktop\Interview-exercise\ChessProject\src\test\resources
2021-03-09 17:40:30,799 [Worker-93: Building] INFO  o.e.m.c.i.embedder.EclipseLogger - Using 'UTF-8' encoding to copy filtered resources.
2021-03-09 17:40:30,799 [Worker-93: Building] INFO  o.e.m.c.i.embedder.EclipseLogger - skip non existing resourceDirectory C:\Users\sudeshna87\Desktop\Interview-exercise\ChessProject\src\main\resources
2021-03-09 17:40:30,800 [Worker-93: Building] INFO  o.e.m.c.i.embedder.EclipseLogger - Using 'UTF-8' encoding to copy filtered resources.
2021-03-09 17:40:30,800 [Worker-93: Building] INFO  o.e.m.c.i.embedder.EclipseLogger - skip non existing resourceDirectory C:\Users\sudeshna87\Desktop\Interview-exercise\ChessProject\src\test\resources
2021-03-09 17:44:38,979 [Worker-93: Building] INFO  o.e.m.c.i.embedder.EclipseLogger - Using 'UTF-8' encoding to copy filtered resources.
2021-03-09 17:44:38,980 [Worker-93: Building] INFO  o.e.m.c.i.embedder.EclipseLogger - skip non existing resourceDirectory C:\Users\sudeshna87\Desktop\Interview-exercise\ChessProject\src\main\resources
2021-03-09 17:44:38,981 [Worker-93: Building] INFO  o.e.m.c.i.embedder.EclipseLogger - Using 'UTF-8' encoding to copy filtered resources.
2021-03-09 17:44:38,982 [Worker-93: Building] INFO  o.e.m.c.i.embedder.EclipseLogger - skip non existing resourceDirectory C:\Users\sudeshna87\Desktop\Interview-exercise\ChessProject\src\test\resources
2021-03-09 17:44:56,402 [Worker-96: Building] INFO  o.e.m.c.i.embedder.EclipseLogger - Using 'UTF-8' encoding to copy filtered resources.
2021-03-09 17:44:56,402 [Worker-96: Building] INFO  o.e.m.c.i.embedder.EclipseLogger - skip non existing resourceDirectory C:\Users\sudeshna87\Desktop\Interview-exercise\ChessProject\src\main\resources
2021-03-09 17:44:56,403 [Worker-96: Building] INFO  o.e.m.c.i.embedder.EclipseLogger - Using 'UTF-8' encoding to copy filtered resources.
2021-03-09 17:44:56,404 [Worker-96: Building] INFO  o.e.m.c.i.embedder.EclipseLogger - skip non existing resourceDirectory C:\Users\sudeshna87\Desktop\Interview-exercise\ChessProject\src\test\resources
2021-03-09 17:45:17,141 [Worker-100: Building] INFO  o.e.m.c.i.embedder.EclipseLogger - Using 'UTF-8' encoding to copy filtered resources.
2021-03-09 17:45:17,142 [Worker-100: Building] INFO  o.e.m.c.i.embedder.EclipseLogger - skip non existing resourceDirectory C:\Users\sudeshna87\Desktop\Interview-exercise\ChessProject\src\main\resources
2021-03-09 17:45:17,143 [Worker-100: Building] INFO  o.e.m.c.i.embedder.EclipseLogger - Using 'UTF-8' encoding to copy filtered resources.
2021-03-09 17:45:17,143 [Worker-100: Building] INFO  o.e.m.c.i.embedder.EclipseLogger - skip non existing resourceDirectory C:\Users\sudeshna87\Desktop\Interview-exercise\ChessProject\src\test\resources
2021-03-09 17:46:10,123 [Worker-100: Building] INFO  o.e.m.c.i.embedder.EclipseLogger - Using 'UTF-8' encoding to copy filtered resources.
2021-03-09 17:46:10,123 [Worker-100: Building] INFO  o.e.m.c.i.embedder.EclipseLogger - skip non existing resourceDirectory C:\Users\sudeshna87\Desktop\Interview-exercise\ChessProject\src\main\resources
2021-03-09 17:46:10,125 [Worker-100: Building] INFO  o.e.m.c.i.embedder.EclipseLogger - Using 'UTF-8' encoding to copy filtered resources.
2021-03-09 17:46:10,125 [Worker-100: Building] INFO  o.e.m.c.i.embedder.EclipseLogger - skip non existing resourceDirectory C:\Users\sudeshna87\Desktop\Interview-exercise\ChessProject\src\test\resources
2021-03-09 17:46:22,088 [Worker-99: Building] INFO  o.e.m.c.i.embedder.EclipseLogger - Using 'UTF-8' encoding to copy filtered resources.
2021-03-09 17:46:22,090 [Worker-99: Building] INFO  o.e.m.c.i.embedder.EclipseLogger - skip non existing resourceDirectory C:\Users\sudeshna87\Desktop\Interview-exercise\ChessProject\src\main\resources
2021-03-09 17:46:22,091 [Worker-99: Building] INFO  o.e.m.c.i.embedder.EclipseLogger - Using 'UTF-8' encoding to copy filtered resources.
2021-03-09 17:46:22,091 [Worker-99: Building] INFO  o.e.m.c.i.embedder.EclipseLogger - skip non existing resourceDirectory C:\Users\sudeshna87\Desktop\Interview-exercise\ChessProject\src\test\resources
2021-03-09 17:53:57,545 [Worker-101: Building] INFO  o.e.m.c.i.embedder.EclipseLogger - Using 'UTF-8' encoding to copy filtered resources.
2021-03-09 17:53:57,546 [Worker-101: Building] INFO  o.e.m.c.i.embedder.EclipseLogger - skip non existing resourceDirectory C:\Users\sudeshna87\Desktop\Interview-exercise\ChessProject\src\main\resources
2021-03-09 17:53:57,547 [Worker-101: Building] INFO  o.e.m.c.i.embedder.EclipseLogger - Using 'UTF-8' encoding to copy filtered resources.
2021-03-09 17:53:57,547 [Worker-101: Building] INFO  o.e.m.c.i.embedder.EclipseLogger - skip non existing resourceDirectory C:\Users\sudeshna87\Desktop\Interview-exercise\ChessProject\src\test\resources
2021-03-09 17:56:06,990 [Worker-101: Building] INFO  o.e.m.c.i.embedder.EclipseLogger - Using 'UTF-8' encoding to copy filtered resources.
2021-03-09 17:56:06,990 [Worker-101: Building] INFO  o.e.m.c.i.embedder.EclipseLogger - skip non existing resourceDirectory C:\Users\sudeshna87\Desktop\Interview-exercise\ChessProject\src\main\resources
2021-03-09 17:56:06,992 [Worker-101: Building] INFO  o.e.m.c.i.embedder.EclipseLogger - Using 'UTF-8' encoding to copy filtered resources.
2021-03-09 17:56:06,993 [Worker-101: Building] INFO  o.e.m.c.i.embedder.EclipseLogger - skip non existing resourceDirectory C:\Users\sudeshna87\Desktop\Interview-exercise\ChessProject\src\test\resources
2021-03-09 17:56:41,735 [Worker-104: Building] INFO  o.e.m.c.i.embedder.EclipseLogger - Using 'UTF-8' encoding to copy filtered resources.
2021-03-09 17:56:41,735 [Worker-104: Building] INFO  o.e.m.c.i.embedder.EclipseLogger - skip non existing resourceDirectory C:\Users\sudeshna87\Desktop\Interview-exercise\ChessProject\src\main\resources
2021-03-09 17:56:41,736 [Worker-104: Building] INFO  o.e.m.c.i.embedder.EclipseLogger - Using 'UTF-8' encoding to copy filtered resources.
2021-03-09 17:56:41,736 [Worker-104: Building] INFO  o.e.m.c.i.embedder.EclipseLogger - skip non existing resourceDirectory C:\Users\sudeshna87\Desktop\Interview-exercise\ChessProject\src\test\resources
2021-03-09 18:01:24,998 [Worker-100: Building] INFO  o.e.m.c.i.embedder.EclipseLogger - Using 'UTF-8' encoding to copy filtered resources.
2021-03-09 18:01:24,998 [Worker-100: Building] INFO  o.e.m.c.i.embedder.EclipseLogger - skip non existing resourceDirectory C:\Users\sudeshna87\Desktop\Interview-exercise\ChessProject\src\main\resources
2021-03-09 18:01:24,999 [Worker-100: Building] INFO  o.e.m.c.i.embedder.EclipseLogger - Using 'UTF-8' encoding to copy filtered resources.
2021-03-09 18:01:25,000 [Worker-100: Building] INFO  o.e.m.c.i.embedder.EclipseLogger - skip non existing resourceDirectory C:\Users\sudeshna87\Desktop\Interview-exercise\ChessProject\src\test\resources
2021-03-09 18:03:24,483 [Worker-102: Building] INFO  o.e.m.c.i.embedder.EclipseLogger - Using 'UTF-8' encoding to copy filtered resources.
2021-03-09 18:03:24,484 [Worker-102: Building] INFO  o.e.m.c.i.embedder.EclipseLogger - skip non existing resourceDirectory C:\Users\sudeshna87\Desktop\Interview-exercise\ChessProject\src\main\resources
2021-03-09 18:03:24,485 [Worker-102: Building] INFO  o.e.m.c.i.embedder.EclipseLogger - Using 'UTF-8' encoding to copy filtered resources.
2021-03-09 18:03:24,486 [Worker-102: Building] INFO  o.e.m.c.i.embedder.EclipseLogger - skip non existing resourceDirectory C:\Users\sudeshna87\Desktop\Interview-exercise\ChessProject\src\test\resources
2021-03-09 18:03:59,376 [Worker-102: Building] INFO  o.e.m.c.i.embedder.EclipseLogger - Using 'UTF-8' encoding to copy filtered resources.
2021-03-09 18:03:59,377 [Worker-102: Building] INFO  o.e.m.c.i.embedder.EclipseLogger - skip non existing resourceDirectory C:\Users\sudeshna87\Desktop\Interview-exercise\ChessProject\src\main\resources
2021-03-09 18:03:59,378 [Worker-102: Building] INFO  o.e.m.c.i.embedder.EclipseLogger - Using 'UTF-8' encoding to copy filtered resources.
2021-03-09 18:03:59,379 [Worker-102: Building] INFO  o.e.m.c.i.embedder.EclipseLogger - skip non existing resourceDirectory C:\Users\sudeshna87\Desktop\Interview-exercise\ChessProject\src\test\resources
2021-03-09 18:06:31,364 [Worker-105: Building] INFO  o.e.m.c.i.embedder.EclipseLogger - Using 'UTF-8' encoding to copy filtered resources.
2021-03-09 18:06:31,365 [Worker-105: Building] INFO  o.e.m.c.i.embedder.EclipseLogger - skip non existing resourceDirectory C:\Users\sudeshna87\Desktop\Interview-exercise\ChessProject\src\main\resources
2021-03-09 18:06:31,366 [Worker-105: Building] INFO  o.e.m.c.i.embedder.EclipseLogger - Using 'UTF-8' encoding to copy filtered resources.
2021-03-09 18:06:31,367 [Worker-105: Building] INFO  o.e.m.c.i.embedder.EclipseLogger - skip non existing resourceDirectory C:\Users\sudeshna87\Desktop\Interview-exercise\ChessProject\src\test\resources
2021-03-09 18:07:46,680 [Worker-109: Building] INFO  o.e.m.c.i.embedder.EclipseLogger - Using 'UTF-8' encoding to copy filtered resources.
2021-03-09 18:07:46,681 [Worker-109: Building] INFO  o.e.m.c.i.embedder.EclipseLogger - skip non existing resourceDirectory C:\Users\sudeshna87\Desktop\Interview-exercise\ChessProject\src\main\resources
2021-03-09 18:07:46,682 [Worker-109: Building] INFO  o.e.m.c.i.embedder.EclipseLogger - Using 'UTF-8' encoding to copy filtered resources.
2021-03-09 18:07:46,682 [Worker-109: Building] INFO  o.e.m.c.i.embedder.EclipseLogger - skip non existing resourceDirectory C:\Users\sudeshna87\Desktop\Interview-exercise\ChessProject\src\test\resources
2021-03-09 18:09:25,028 [Worker-100: Building] INFO  o.e.m.c.i.embedder.EclipseLogger - Using 'UTF-8' encoding to copy filtered resources.
2021-03-09 18:09:25,029 [Worker-100: Building] INFO  o.e.m.c.i.embedder.EclipseLogger - skip non existing resourceDirectory C:\Users\sudeshna87\Desktop\Interview-exercise\ChessProject\src\main\resources
2021-03-09 18:09:25,030 [Worker-100: Building] INFO  o.e.m.c.i.embedder.EclipseLogger - Using 'UTF-8' encoding to copy filtered resources.
2021-03-09 18:09:25,030 [Worker-100: Building] INFO  o.e.m.c.i.embedder.EclipseLogger - skip non existing resourceDirectory C:\Users\sudeshna87\Desktop\Interview-exercise\ChessProject\src\test\resources
2021-03-09 18:10:16,204 [Worker-111: Building] INFO  o.e.m.c.i.embedder.EclipseLogger - Using 'UTF-8' encoding to copy filtered resources.
2021-03-09 18:10:16,205 [Worker-111: Building] INFO  o.e.m.c.i.embedder.EclipseLogger - skip non existing resourceDirectory C:\Users\sudeshna87\Desktop\Interview-exercise\ChessProject\src\main\resources
2021-03-09 18:10:16,206 [Worker-111: Building] INFO  o.e.m.c.i.embedder.EclipseLogger - Using 'UTF-8' encoding to copy filtered resources.
2021-03-09 18:10:16,206 [Worker-111: Building] INFO  o.e.m.c.i.embedder.EclipseLogger - skip non existing resourceDirectory C:\Users\sudeshna87\Desktop\Interview-exercise\ChessProject\src\test\resources
2021-03-09 18:13:36,705 [Worker-100: Building] INFO  o.e.m.c.i.embedder.EclipseLogger - Using 'UTF-8' encoding to copy filtered resources.
2021-03-09 18:13:36,705 [Worker-100: Building] INFO  o.e.m.c.i.embedder.EclipseLogger - skip non existing resourceDirectory C:\Users\sudeshna87\Desktop\Interview-exercise\ChessProject\src\main\resources
2021-03-09 18:13:36,707 [Worker-100: Building] INFO  o.e.m.c.i.embedder.EclipseLogger - Using 'UTF-8' encoding to copy filtered resources.
2021-03-09 18:13:36,708 [Worker-100: Building] INFO  o.e.m.c.i.embedder.EclipseLogger - skip non existing resourceDirectory C:\Users\sudeshna87\Desktop\Interview-exercise\ChessProject\src\test\resources
2021-03-09 18:17:30,968 [Worker-115: Building] INFO  o.e.m.c.i.embedder.EclipseLogger - Using 'UTF-8' encoding to copy filtered resources.
2021-03-09 18:17:30,969 [Worker-115: Building] INFO  o.e.m.c.i.embedder.EclipseLogger - skip non existing resourceDirectory C:\Users\sudeshna87\Desktop\Interview-exercise\ChessProject\src\main\resources
2021-03-09 18:17:30,969 [Worker-115: Building] INFO  o.e.m.c.i.embedder.EclipseLogger - Using 'UTF-8' encoding to copy filtered resources.
2021-03-09 18:17:30,970 [Worker-115: Building] INFO  o.e.m.c.i.embedder.EclipseLogger - skip non existing resourceDirectory C:\Users\sudeshna87\Desktop\Interview-exercise\ChessProject\src\test\resources
2021-03-09 18:22:40,512 [Worker-117: Building] INFO  o.e.m.c.i.embedder.EclipseLogger - Using 'UTF-8' encoding to copy filtered resources.
2021-03-09 18:22:40,512 [Worker-117: Building] INFO  o.e.m.c.i.embedder.EclipseLogger - skip non existing resourceDirectory C:\Users\sudeshna87\Desktop\Interview-exercise\ChessProject\src\main\resources
2021-03-09 18:22:40,513 [Worker-117: Building] INFO  o.e.m.c.i.embedder.EclipseLogger - Using 'UTF-8' encoding to copy filtered resources.
2021-03-09 18:22:40,514 [Worker-117: Building] INFO  o.e.m.c.i.embedder.EclipseLogger - skip non existing resourceDirectory C:\Users\sudeshna87\Desktop\Interview-exercise\ChessProject\src\test\resources
2021-03-09 18:27:00,360 [Worker-116: Building] INFO  o.e.m.c.i.embedder.EclipseLogger - Using 'UTF-8' encoding to copy filtered resources.
2021-03-09 18:27:00,360 [Worker-116: Building] INFO  o.e.m.c.i.embedder.EclipseLogger - skip non existing resourceDirectory C:\Users\sudeshna87\Desktop\Interview-exercise\ChessProject\src\main\resources
2021-03-09 18:27:00,361 [Worker-116: Building] INFO  o.e.m.c.i.embedder.EclipseLogger - Using 'UTF-8' encoding to copy filtered resources.
2021-03-09 18:27:00,362 [Worker-116: Building] INFO  o.e.m.c.i.embedder.EclipseLogger - skip non existing resourceDirectory C:\Users\sudeshna87\Desktop\Interview-exercise\ChessProject\src\test\resources
2021-03-09 18:27:11,959 [Worker-120: Building] INFO  o.e.m.c.i.embedder.EclipseLogger - Using 'UTF-8' encoding to copy filtered resources.
2021-03-09 18:27:11,959 [Worker-120: Building] INFO  o.e.m.c.i.embedder.EclipseLogger - skip non existing resourceDirectory C:\Users\sudeshna87\Desktop\Interview-exercise\ChessProject\src\main\resources
2021-03-09 18:27:11,960 [Worker-120: Building] INFO  o.e.m.c.i.embedder.EclipseLogger - Using 'UTF-8' encoding to copy filtered resources.
2021-03-09 18:27:11,961 [Worker-120: Building] INFO  o.e.m.c.i.embedder.EclipseLogger - skip non existing resourceDirectory C:\Users\sudeshna87\Desktop\Interview-exercise\ChessProject\src\test\resources
2021-03-09 18:37:15,574 [Worker-116: Building] INFO  o.e.m.c.i.embedder.EclipseLogger - Using 'UTF-8' encoding to copy filtered resources.
2021-03-09 18:37:15,574 [Worker-116: Building] INFO  o.e.m.c.i.embedder.EclipseLogger - skip non existing resourceDirectory C:\Users\sudeshna87\Desktop\Interview-exercise\ChessProject\src\main\resources
2021-03-09 18:37:15,575 [Worker-116: Building] INFO  o.e.m.c.i.embedder.EclipseLogger - Using 'UTF-8' encoding to copy filtered resources.
2021-03-09 18:37:15,575 [Worker-116: Building] INFO  o.e.m.c.i.embedder.EclipseLogger - skip non existing resourceDirectory C:\Users\sudeshna87\Desktop\Interview-exercise\ChessProject\src\test\resources
2021-03-09 18:37:46,808 [Worker-116: Building] INFO  o.e.m.c.i.embedder.EclipseLogger - Using 'UTF-8' encoding to copy filtered resources.
2021-03-09 18:37:46,808 [Worker-116: Building] INFO  o.e.m.c.i.embedder.EclipseLogger - skip non existing resourceDirectory C:\Users\sudeshna87\Desktop\Interview-exercise\ChessProject\src\main\resources
2021-03-09 18:37:46,809 [Worker-116: Building] INFO  o.e.m.c.i.embedder.EclipseLogger - Using 'UTF-8' encoding to copy filtered resources.
2021-03-09 18:37:46,810 [Worker-116: Building] INFO  o.e.m.c.i.embedder.EclipseLogger - skip non existing resourceDirectory C:\Users\sudeshna87\Desktop\Interview-exercise\ChessProject\src\test\resources
2021-03-09 18:42:07,277 [Worker-123: Building] INFO  o.e.m.c.i.embedder.EclipseLogger - Using 'UTF-8' encoding to copy filtered resources.
2021-03-09 18:42:07,278 [Worker-123: Building] INFO  o.e.m.c.i.embedder.EclipseLogger - skip non existing resourceDirectory C:\Users\sudeshna87\Desktop\Interview-exercise\ChessProject\src\main\resources
2021-03-09 18:42:07,280 [Worker-123: Building] INFO  o.e.m.c.i.embedder.EclipseLogger - Using 'UTF-8' encoding to copy filtered resources.
2021-03-09 18:42:07,280 [Worker-123: Building] INFO  o.e.m.c.i.embedder.EclipseLogger - skip non existing resourceDirectory C:\Users\sudeshna87\Desktop\Interview-exercise\ChessProject\src\test\resources
2021-03-09 18:43:10,976 [Worker-128: Building] INFO  o.e.m.c.i.embedder.EclipseLogger - Using 'UTF-8' encoding to copy filtered resources.
2021-03-09 18:43:10,976 [Worker-128: Building] INFO  o.e.m.c.i.embedder.EclipseLogger - skip non existing resourceDirectory C:\Users\sudeshna87\Desktop\Interview-exercise\ChessProject\src\main\resources
2021-03-09 18:43:10,977 [Worker-128: Building] INFO  o.e.m.c.i.embedder.EclipseLogger - Using 'UTF-8' encoding to copy filtered resources.
2021-03-09 18:43:10,977 [Worker-128: Building] INFO  o.e.m.c.i.embedder.EclipseLogger - skip non existing resourceDirectory C:\Users\sudeshna87\Desktop\Interview-exercise\ChessProject\src\test\resources
2021-03-09 18:43:32,322 [Worker-128: Building] INFO  o.e.m.c.i.embedder.EclipseLogger - Using 'UTF-8' encoding to copy filtered resources.
2021-03-09 18:43:32,323 [Worker-128: Building] INFO  o.e.m.c.i.embedder.EclipseLogger - skip non existing resourceDirectory C:\Users\sudeshna87\Desktop\Interview-exercise\ChessProject\src\main\resources
2021-03-09 18:43:32,324 [Worker-128: Building] INFO  o.e.m.c.i.embedder.EclipseLogger - Using 'UTF-8' encoding to copy filtered resources.
2021-03-09 18:43:32,324 [Worker-128: Building] INFO  o.e.m.c.i.embedder.EclipseLogger - skip non existing resourceDirectory C:\Users\sudeshna87\Desktop\Interview-exercise\ChessProject\src\test\resources
2021-03-09 18:43:56,363 [Worker-116: Building] INFO  o.e.m.c.i.embedder.EclipseLogger - Using 'UTF-8' encoding to copy filtered resources.
2021-03-09 18:43:56,363 [Worker-116: Building] INFO  o.e.m.c.i.embedder.EclipseLogger - skip non existing resourceDirectory C:\Users\sudeshna87\Desktop\Interview-exercise\ChessProject\src\main\resources
2021-03-09 18:43:56,364 [Worker-116: Building] INFO  o.e.m.c.i.embedder.EclipseLogger - Using 'UTF-8' encoding to copy filtered resources.
2021-03-09 18:43:56,365 [Worker-116: Building] INFO  o.e.m.c.i.embedder.EclipseLogger - skip non existing resourceDirectory C:\Users\sudeshna87\Desktop\Interview-exercise\ChessProject\src\test\resources
2021-03-09 18:54:05,038 [Worker-134: Building] INFO  o.e.m.c.i.embedder.EclipseLogger - Using 'UTF-8' encoding to copy filtered resources.
2021-03-09 18:54:05,039 [Worker-134: Building] INFO  o.e.m.c.i.embedder.EclipseLogger - skip non existing resourceDirectory C:\Users\sudeshna87\Desktop\Interview-exercise\ChessProject\src\main\resources
2021-03-09 18:54:05,040 [Worker-134: Building] INFO  o.e.m.c.i.embedder.EclipseLogger - Using 'UTF-8' encoding to copy filtered resources.
2021-03-09 18:54:05,040 [Worker-134: Building] INFO  o.e.m.c.i.embedder.EclipseLogger - skip non existing resourceDirectory C:\Users\sudeshna87\Desktop\Interview-exercise\ChessProject\src\test\resources
2021-03-09 19:00:47,492 [Worker-136: Building] INFO  o.e.m.c.i.embedder.EclipseLogger - Using 'UTF-8' encoding to copy filtered resources.
2021-03-09 19:00:47,493 [Worker-136: Building] INFO  o.e.m.c.i.embedder.EclipseLogger - skip non existing resourceDirectory C:\Users\sudeshna87\Desktop\Interview-exercise\ChessProject\src\main\resources
2021-03-09 19:00:47,494 [Worker-136: Building] INFO  o.e.m.c.i.embedder.EclipseLogger - Using 'UTF-8' encoding to copy filtered resources.
2021-03-09 19:00:47,494 [Worker-136: Building] INFO  o.e.m.c.i.embedder.EclipseLogger - skip non existing resourceDirectory C:\Users\sudeshna87\Desktop\Interview-exercise\ChessProject\src\test\resources
2021-03-09 19:03:47,219 [Worker-136: Building] INFO  o.e.m.c.i.embedder.EclipseLogger - Using 'UTF-8' encoding to copy filtered resources.
2021-03-09 19:03:47,219 [Worker-136: Building] INFO  o.e.m.c.i.embedder.EclipseLogger - skip non existing resourceDirectory C:\Users\sudeshna87\Desktop\Interview-exercise\ChessProject\src\main\resources
2021-03-09 19:03:47,221 [Worker-136: Building] INFO  o.e.m.c.i.embedder.EclipseLogger - Using 'UTF-8' encoding to copy filtered resources.
2021-03-09 19:03:47,221 [Worker-136: Building] INFO  o.e.m.c.i.embedder.EclipseLogger - skip non existing resourceDirectory C:\Users\sudeshna87\Desktop\Interview-exercise\ChessProject\src\test\resources
2021-03-09 19:09:22,307 [Worker-144: Building] INFO  o.e.m.c.i.embedder.EclipseLogger - Using 'UTF-8' encoding to copy filtered resources.
2021-03-09 19:09:22,308 [Worker-144: Building] INFO  o.e.m.c.i.embedder.EclipseLogger - skip non existing resourceDirectory C:\Users\sudeshna87\Desktop\Interview-exercise\ChessProject\src\main\resources
2021-03-09 19:09:22,309 [Worker-144: Building] INFO  o.e.m.c.i.embedder.EclipseLogger - Using 'UTF-8' encoding to copy filtered resources.
2021-03-09 19:09:22,309 [Worker-144: Building] INFO  o.e.m.c.i.embedder.EclipseLogger - skip non existing resourceDirectory C:\Users\sudeshna87\Desktop\Interview-exercise\ChessProject\src\test\resources
2021-03-09 19:09:25,925 [Worker-134: Building] INFO  o.e.m.c.i.embedder.EclipseLogger - Using 'UTF-8' encoding to copy filtered resources.
2021-03-09 19:09:25,925 [Worker-134: Building] INFO  o.e.m.c.i.embedder.EclipseLogger - skip non existing resourceDirectory C:\Users\sudeshna87\Desktop\Interview-exercise\ChessProject\src\main\resources
2021-03-09 19:09:25,927 [Worker-134: Building] INFO  o.e.m.c.i.embedder.EclipseLogger - Using 'UTF-8' encoding to copy filtered resources.
2021-03-09 19:09:25,928 [Worker-134: Building] INFO  o.e.m.c.i.embedder.EclipseLogger - skip non existing resourceDirectory C:\Users\sudeshna87\Desktop\Interview-exercise\ChessProject\src\test\resources
2021-03-09 19:15:05,834 [Worker-149: Building] INFO  o.e.m.c.i.embedder.EclipseLogger - Using 'UTF-8' encoding to copy filtered resources.
2021-03-09 19:15:05,835 [Worker-149: Building] INFO  o.e.m.c.i.embedder.EclipseLogger - skip non existing resourceDirectory C:\Users\sudeshna87\Desktop\Interview-exercise\ChessProject\src\main\resources
2021-03-09 19:15:05,836 [Worker-149: Building] INFO  o.e.m.c.i.embedder.EclipseLogger - Using 'UTF-8' encoding to copy filtered resources.
2021-03-09 19:15:05,836 [Worker-149: Building] INFO  o.e.m.c.i.embedder.EclipseLogger - skip non existing resourceDirectory C:\Users\sudeshna87\Desktop\Interview-exercise\ChessProject\src\test\resources
2021-03-09 19:16:32,448 [Worker-144: Building] INFO  o.e.m.c.i.embedder.EclipseLogger - Using 'UTF-8' encoding to copy filtered resources.
2021-03-09 19:16:32,448 [Worker-144: Building] INFO  o.e.m.c.i.embedder.EclipseLogger - skip non existing resourceDirectory C:\Users\sudeshna87\Desktop\Interview-exercise\ChessProject\src\main\resources
2021-03-09 19:16:32,450 [Worker-144: Building] INFO  o.e.m.c.i.embedder.EclipseLogger - Using 'UTF-8' encoding to copy filtered resources.
2021-03-09 19:16:32,450 [Worker-144: Building] INFO  o.e.m.c.i.embedder.EclipseLogger - skip non existing resourceDirectory C:\Users\sudeshna87\Desktop\Interview-exercise\ChessProject\src\test\resources
2021-03-09 19:17:06,335 [Worker-134: Building] INFO  o.e.m.c.i.embedder.EclipseLogger - Using 'UTF-8' encoding to copy filtered resources.
2021-03-09 19:17:06,335 [Worker-134: Building] INFO  o.e.m.c.i.embedder.EclipseLogger - skip non existing resourceDirectory C:\Users\sudeshna87\Desktop\Interview-exercise\ChessProject\src\main\resources
2021-03-09 19:17:06,337 [Worker-134: Building] INFO  o.e.m.c.i.embedder.EclipseLogger - Using 'UTF-8' encoding to copy filtered resources.
2021-03-09 19:17:06,337 [Worker-134: Building] INFO  o.e.m.c.i.embedder.EclipseLogger - skip non existing resourceDirectory C:\Users\sudeshna87\Desktop\Interview-exercise\ChessProject\src\test\resources
2021-03-09 19:18:02,267 [Worker-149: Building] INFO  o.e.m.c.i.embedder.EclipseLogger - Using 'UTF-8' encoding to copy filtered resources.
2021-03-09 19:18:02,267 [Worker-149: Building] INFO  o.e.m.c.i.embedder.EclipseLogger - skip non existing resourceDirectory C:\Users\sudeshna87\Desktop\Interview-exercise\ChessProject\src\main\resources
2021-03-09 19:18:02,268 [Worker-149: Building] INFO  o.e.m.c.i.embedder.EclipseLogger - Using 'UTF-8' encoding to copy filtered resources.
2021-03-09 19:18:02,269 [Worker-149: Building] INFO  o.e.m.c.i.embedder.EclipseLogger - skip non existing resourceDirectory C:\Users\sudeshna87\Desktop\Interview-exercise\ChessProject\src\test\resources
2021-03-09 19:18:38,241 [Worker-134: Building] INFO  o.e.m.c.i.embedder.EclipseLogger - Using 'UTF-8' encoding to copy filtered resources.
2021-03-09 19:18:38,241 [Worker-134: Building] INFO  o.e.m.c.i.embedder.EclipseLogger - skip non existing resourceDirectory C:\Users\sudeshna87\Desktop\Interview-exercise\ChessProject\src\main\resources
2021-03-09 19:18:38,243 [Worker-134: Building] INFO  o.e.m.c.i.embedder.EclipseLogger - Using 'UTF-8' encoding to copy filtered resources.
2021-03-09 19:18:38,243 [Worker-134: Building] INFO  o.e.m.c.i.embedder.EclipseLogger - skip non existing resourceDirectory C:\Users\sudeshna87\Desktop\Interview-exercise\ChessProject\src\test\resources
2021-03-09 19:19:05,464 [Worker-144: Building] INFO  o.e.m.c.i.embedder.EclipseLogger - Using 'UTF-8' encoding to copy filtered resources.
2021-03-09 19:19:05,466 [Worker-144: Building] INFO  o.e.m.c.i.embedder.EclipseLogger - skip non existing resourceDirectory C:\Users\sudeshna87\Desktop\Interview-exercise\ChessProject\src\main\resources
2021-03-09 19:19:05,466 [Worker-144: Building] INFO  o.e.m.c.i.embedder.EclipseLogger - Using 'UTF-8' encoding to copy filtered resources.
2021-03-09 19:19:05,466 [Worker-144: Building] INFO  o.e.m.c.i.embedder.EclipseLogger - skip non existing resourceDirectory C:\Users\sudeshna87\Desktop\Interview-exercise\ChessProject\src\test\resources
2021-03-09 19:45:10,741 [Worker-149: Building] INFO  o.e.m.c.i.embedder.EclipseLogger - Using 'UTF-8' encoding to copy filtered resources.
2021-03-09 19:45:10,779 [Worker-149: Building] INFO  o.e.m.c.i.embedder.EclipseLogger - skip non existing resourceDirectory C:\Users\sudeshna87\Desktop\Interview-exercise\ChessProject\src\main\resources
2021-03-09 19:45:10,781 [Worker-149: Building] INFO  o.e.m.c.i.embedder.EclipseLogger - Using 'UTF-8' encoding to copy filtered resources.
2021-03-09 19:45:10,782 [Worker-149: Building] INFO  o.e.m.c.i.embedder.EclipseLogger - skip non existing resourceDirectory C:\Users\sudeshna87\Desktop\Interview-exercise\ChessProject\src\test\resources
2021-03-09 19:48:37,511 [Worker-152: Building] INFO  o.e.m.c.i.embedder.EclipseLogger - Using 'UTF-8' encoding to copy filtered resources.
2021-03-09 19:48:37,519 [Worker-152: Building] INFO  o.e.m.c.i.embedder.EclipseLogger - skip non existing resourceDirectory C:\Users\sudeshna87\Desktop\Interview-exercise\ChessProject\src\main\resources
2021-03-09 19:48:37,521 [Worker-152: Building] INFO  o.e.m.c.i.embedder.EclipseLogger - Using 'UTF-8' encoding to copy filtered resources.
2021-03-09 19:48:37,521 [Worker-152: Building] INFO  o.e.m.c.i.embedder.EclipseLogger - skip non existing resourceDirectory C:\Users\sudeshna87\Desktop\Interview-exercise\ChessProject\src\test\resources
2021-03-09 20:01:33,402 [Worker-161: Building] INFO  o.e.m.c.i.embedder.EclipseLogger - Using 'UTF-8' encoding to copy filtered resources.
2021-03-09 20:01:33,403 [Worker-161: Building] INFO  o.e.m.c.i.embedder.EclipseLogger - skip non existing resourceDirectory C:\Users\sudeshna87\Desktop\Interview-exercise\ChessProject\src\main\resources
2021-03-09 20:01:33,404 [Worker-161: Building] INFO  o.e.m.c.i.embedder.EclipseLogger - Using 'UTF-8' encoding to copy filtered resources.
2021-03-09 20:01:33,405 [Worker-161: Building] INFO  o.e.m.c.i.embedder.EclipseLogger - skip non existing resourceDirectory C:\Users\sudeshna87\Desktop\Interview-exercise\ChessProject\src\test\resources
2021-03-09 20:02:50,108 [Worker-165: Building] INFO  o.e.m.c.i.embedder.EclipseLogger - Using 'UTF-8' encoding to copy filtered resources.
2021-03-09 20:02:50,108 [Worker-165: Building] INFO  o.e.m.c.i.embedder.EclipseLogger - skip non existing resourceDirectory C:\Users\sudeshna87\Desktop\Interview-exercise\ChessProject\src\main\resources
2021-03-09 20:02:50,109 [Worker-165: Building] INFO  o.e.m.c.i.embedder.EclipseLogger - Using 'UTF-8' encoding to copy filtered resources.
2021-03-09 20:02:50,110 [Worker-165: Building] INFO  o.e.m.c.i.embedder.EclipseLogger - skip non existing resourceDirectory C:\Users\sudeshna87\Desktop\Interview-exercise\ChessProject\src\test\resources
2021-03-09 20:03:26,790 [Worker-158: Building] INFO  o.e.m.c.i.embedder.EclipseLogger - Using 'UTF-8' encoding to copy filtered resources.
2021-03-09 20:03:26,790 [Worker-158: Building] INFO  o.e.m.c.i.embedder.EclipseLogger - skip non existing resourceDirectory C:\Users\sudeshna87\Desktop\Interview-exercise\ChessProject\src\main\resources
2021-03-09 20:03:26,791 [Worker-158: Building] INFO  o.e.m.c.i.embedder.EclipseLogger - Using 'UTF-8' encoding to copy filtered resources.
2021-03-09 20:03:26,791 [Worker-158: Building] INFO  o.e.m.c.i.embedder.EclipseLogger - skip non existing resourceDirectory C:\Users\sudeshna87\Desktop\Interview-exercise\ChessProject\src\test\resources
2021-03-09 20:05:16,355 [Worker-168: Building] INFO  o.e.m.c.i.embedder.EclipseLogger - Using 'UTF-8' encoding to copy filtered resources.
2021-03-09 20:05:16,355 [Worker-168: Building] INFO  o.e.m.c.i.embedder.EclipseLogger - skip non existing resourceDirectory C:\Users\sudeshna87\Desktop\Interview-exercise\ChessProject\src\main\resources
2021-03-09 20:05:16,356 [Worker-168: Building] INFO  o.e.m.c.i.embedder.EclipseLogger - Using 'UTF-8' encoding to copy filtered resources.
2021-03-09 20:05:16,357 [Worker-168: Building] INFO  o.e.m.c.i.embedder.EclipseLogger - skip non existing resourceDirectory C:\Users\sudeshna87\Desktop\Interview-exercise\ChessProject\src\test\resources
2021-03-09 20:05:50,426 [Worker-168: Building] INFO  o.e.m.c.i.embedder.EclipseLogger - Using 'UTF-8' encoding to copy filtered resources.
2021-03-09 20:05:50,426 [Worker-168: Building] INFO  o.e.m.c.i.embedder.EclipseLogger - skip non existing resourceDirectory C:\Users\sudeshna87\Desktop\Interview-exercise\ChessProject\src\main\resources
2021-03-09 20:05:50,427 [Worker-168: Building] INFO  o.e.m.c.i.embedder.EclipseLogger - Using 'UTF-8' encoding to copy filtered resources.
2021-03-09 20:05:50,427 [Worker-168: Building] INFO  o.e.m.c.i.embedder.EclipseLogger - skip non existing resourceDirectory C:\Users\sudeshna87\Desktop\Interview-exercise\ChessProject\src\test\resources
2021-03-09 20:07:14,220 [Worker-169: Building] INFO  o.e.m.c.i.embedder.EclipseLogger - Using 'UTF-8' encoding to copy filtered resources.
2021-03-09 20:07:14,220 [Worker-169: Building] INFO  o.e.m.c.i.embedder.EclipseLogger - skip non existing resourceDirectory C:\Users\sudeshna87\Desktop\Interview-exercise\ChessProject\src\main\resources
2021-03-09 20:07:14,222 [Worker-169: Building] INFO  o.e.m.c.i.embedder.EclipseLogger - Using 'UTF-8' encoding to copy filtered resources.
2021-03-09 20:07:14,222 [Worker-169: Building] INFO  o.e.m.c.i.embedder.EclipseLogger - skip non existing resourceDirectory C:\Users\sudeshna87\Desktop\Interview-exercise\ChessProject\src\test\resources
2021-03-09 20:10:13,541 [Worker-158: Building] INFO  o.e.m.c.i.embedder.EclipseLogger - Using 'UTF-8' encoding to copy filtered resources.
2021-03-09 20:10:13,542 [Worker-158: Building] INFO  o.e.m.c.i.embedder.EclipseLogger - skip non existing resourceDirectory C:\Users\sudeshna87\Desktop\Interview-exercise\ChessProject\src\main\resources
2021-03-09 20:10:13,543 [Worker-158: Building] INFO  o.e.m.c.i.embedder.EclipseLogger - Using 'UTF-8' encoding to copy filtered resources.
2021-03-09 20:10:13,543 [Worker-158: Building] INFO  o.e.m.c.i.embedder.EclipseLogger - skip non existing resourceDirectory C:\Users\sudeshna87\Desktop\Interview-exercise\ChessProject\src\test\resources
2021-03-09 20:10:38,100 [Worker-167: Building] INFO  o.e.m.c.i.embedder.EclipseLogger - Using 'UTF-8' encoding to copy filtered resources.
2021-03-09 20:10:38,100 [Worker-167: Building] INFO  o.e.m.c.i.embedder.EclipseLogger - skip non existing resourceDirectory C:\Users\sudeshna87\Desktop\Interview-exercise\ChessProject\src\main\resources
2021-03-09 20:10:38,101 [Worker-167: Building] INFO  o.e.m.c.i.embedder.EclipseLogger - Using 'UTF-8' encoding to copy filtered resources.
2021-03-09 20:10:38,101 [Worker-167: Building] INFO  o.e.m.c.i.embedder.EclipseLogger - skip non existing resourceDirectory C:\Users\sudeshna87\Desktop\Interview-exercise\ChessProject\src\test\resources
2021-03-09 20:11:15,273 [Worker-169: Building] INFO  o.e.m.c.i.embedder.EclipseLogger - Using 'UTF-8' encoding to copy filtered resources.
2021-03-09 20:11:15,274 [Worker-169: Building] INFO  o.e.m.c.i.embedder.EclipseLogger - skip non existing resourceDirectory C:\Users\sudeshna87\Desktop\Interview-exercise\ChessProject\src\main\resources
2021-03-09 20:11:15,275 [Worker-169: Building] INFO  o.e.m.c.i.embedder.EclipseLogger - Using 'UTF-8' encoding to copy filtered resources.
2021-03-09 20:11:15,275 [Worker-169: Building] INFO  o.e.m.c.i.embedder.EclipseLogger - skip non existing resourceDirectory C:\Users\sudeshna87\Desktop\Interview-exercise\ChessProject\src\test\resources
2021-03-09 20:12:20,159 [Worker-158: Building] INFO  o.e.m.c.i.embedder.EclipseLogger - Using 'UTF-8' encoding to copy filtered resources.
2021-03-09 20:12:20,160 [Worker-158: Building] INFO  o.e.m.c.i.embedder.EclipseLogger - skip non existing resourceDirectory C:\Users\sudeshna87\Desktop\Interview-exercise\ChessProject\src\main\resources
2021-03-09 20:12:20,161 [Worker-158: Building] INFO  o.e.m.c.i.embedder.EclipseLogger - Using 'UTF-8' encoding to copy filtered resources.
2021-03-09 20:12:20,162 [Worker-158: Building] INFO  o.e.m.c.i.embedder.EclipseLogger - skip non existing resourceDirectory C:\Users\sudeshna87\Desktop\Interview-exercise\ChessProject\src\test\resources
2021-03-09 20:13:39,527 [Worker-170: Building] INFO  o.e.m.c.i.embedder.EclipseLogger - Using 'UTF-8' encoding to copy filtered resources.
2021-03-09 20:13:39,528 [Worker-170: Building] INFO  o.e.m.c.i.embedder.EclipseLogger - skip non existing resourceDirectory C:\Users\sudeshna87\Desktop\Interview-exercise\ChessProject\src\main\resources
2021-03-09 20:13:39,529 [Worker-170: Building] INFO  o.e.m.c.i.embedder.EclipseLogger - Using 'UTF-8' encoding to copy filtered resources.
2021-03-09 20:13:39,529 [Worker-170: Building] INFO  o.e.m.c.i.embedder.EclipseLogger - skip non existing resourceDirectory C:\Users\sudeshna87\Desktop\Interview-exercise\ChessProject\src\test\resources
2021-03-09 20:17:17,777 [Worker-173: Building] INFO  o.e.m.c.i.embedder.EclipseLogger - Using 'UTF-8' encoding to copy filtered resources.
2021-03-09 20:17:17,777 [Worker-173: Building] INFO  o.e.m.c.i.embedder.EclipseLogger - skip non existing resourceDirectory C:\Users\sudeshna87\Desktop\Interview-exercise\ChessProject\src\main\resources
2021-03-09 20:17:17,778 [Worker-173: Building] INFO  o.e.m.c.i.embedder.EclipseLogger - Using 'UTF-8' encoding to copy filtered resources.
2021-03-09 20:17:17,778 [Worker-173: Building] INFO  o.e.m.c.i.embedder.EclipseLogger - skip non existing resourceDirectory C:\Users\sudeshna87\Desktop\Interview-exercise\ChessProject\src\test\resources
2021-03-09 20:23:37,537 [Worker-175: Building] INFO  o.e.m.c.i.embedder.EclipseLogger - Using 'UTF-8' encoding to copy filtered resources.
2021-03-09 20:23:37,538 [Worker-175: Building] INFO  o.e.m.c.i.embedder.EclipseLogger - skip non existing resourceDirectory C:\Users\sudeshna87\Desktop\Interview-exercise\ChessProject\src\main\resources
2021-03-09 20:23:37,539 [Worker-175: Building] INFO  o.e.m.c.i.embedder.EclipseLogger - Using 'UTF-8' encoding to copy filtered resources.
2021-03-09 20:23:37,540 [Worker-175: Building] INFO  o.e.m.c.i.embedder.EclipseLogger - skip non existing resourceDirectory C:\Users\sudeshna87\Desktop\Interview-exercise\ChessProject\src\test\resources
2021-03-09 20:24:18,947 [Worker-178: Building] INFO  o.e.m.c.i.embedder.EclipseLogger - Using 'UTF-8' encoding to copy filtered resources.
2021-03-09 20:24:18,948 [Worker-178: Building] INFO  o.e.m.c.i.embedder.EclipseLogger - skip non existing resourceDirectory C:\Users\sudeshna87\Desktop\Interview-exercise\ChessProject\src\main\resources
2021-03-09 20:24:18,949 [Worker-178: Building] INFO  o.e.m.c.i.embedder.EclipseLogger - Using 'UTF-8' encoding to copy filtered resources.
2021-03-09 20:24:18,949 [Worker-178: Building] INFO  o.e.m.c.i.embedder.EclipseLogger - skip non existing resourceDirectory C:\Users\sudeshna87\Desktop\Interview-exercise\ChessProject\src\test\resources
2021-03-09 21:06:22,072 [Worker-183: Building] INFO  o.e.m.c.i.embedder.EclipseLogger - Using 'UTF-8' encoding to copy filtered resources.
2021-03-09 21:06:22,073 [Worker-183: Building] INFO  o.e.m.c.i.embedder.EclipseLogger - skip non existing resourceDirectory C:\Users\sudeshna87\Desktop\Interview-exercise\ChessProject\src\main\resources
2021-03-09 21:06:22,074 [Worker-183: Building] INFO  o.e.m.c.i.embedder.EclipseLogger - Using 'UTF-8' encoding to copy filtered resources.
2021-03-09 21:06:22,074 [Worker-183: Building] INFO  o.e.m.c.i.embedder.EclipseLogger - skip non existing resourceDirectory C:\Users\sudeshna87\Desktop\Interview-exercise\ChessProject\src\test\resources
2021-03-09 21:12:22,402 [Worker-184: Building] INFO  o.e.m.c.i.embedder.EclipseLogger - Using 'UTF-8' encoding to copy filtered resources.
2021-03-09 21:12:22,402 [Worker-184: Building] INFO  o.e.m.c.i.embedder.EclipseLogger - skip non existing resourceDirectory C:\Users\sudeshna87\Desktop\Interview-exercise\ChessProject\src\main\resources
2021-03-09 21:12:22,403 [Worker-184: Building] INFO  o.e.m.c.i.embedder.EclipseLogger - Using 'UTF-8' encoding to copy filtered resources.
2021-03-09 21:12:22,403 [Worker-184: Building] INFO  o.e.m.c.i.embedder.EclipseLogger - skip non existing resourceDirectory C:\Users\sudeshna87\Desktop\Interview-exercise\ChessProject\src\test\resources
2021-03-09 21:34:42,984 [Worker-190: Building] INFO  o.e.m.c.i.embedder.EclipseLogger - Using 'UTF-8' encoding to copy filtered resources.
2021-03-09 21:34:42,985 [Worker-190: Building] INFO  o.e.m.c.i.embedder.EclipseLogger - skip non existing resourceDirectory C:\Users\sudeshna87\Desktop\Interview-exercise\ChessProject\src\main\resources
2021-03-09 21:34:42,987 [Worker-190: Building] INFO  o.e.m.c.i.embedder.EclipseLogger - Using 'UTF-8' encoding to copy filtered resources.
2021-03-09 21:34:42,987 [Worker-190: Building] INFO  o.e.m.c.i.embedder.EclipseLogger - skip non existing resourceDirectory C:\Users\sudeshna87\Desktop\Interview-exercise\ChessProject\src\test\resources
2021-03-09 21:36:02,320 [Worker-190: Building] INFO  o.e.m.c.i.embedder.EclipseLogger - Using 'UTF-8' encoding to copy filtered resources.
2021-03-09 21:36:02,321 [Worker-190: Building] INFO  o.e.m.c.i.embedder.EclipseLogger - skip non existing resourceDirectory C:\Users\sudeshna87\Desktop\Interview-exercise\ChessProject\src\main\resources
2021-03-09 21:36:02,322 [Worker-190: Building] INFO  o.e.m.c.i.embedder.EclipseLogger - Using 'UTF-8' encoding to copy filtered resources.
2021-03-09 21:36:02,322 [Worker-190: Building] INFO  o.e.m.c.i.embedder.EclipseLogger - skip non existing resourceDirectory C:\Users\sudeshna87\Desktop\Interview-exercise\ChessProject\src\test\resources
2021-03-09 21:37:53,210 [Worker-194: Building] INFO  o.e.m.c.i.embedder.EclipseLogger - Using 'UTF-8' encoding to copy filtered resources.
2021-03-09 21:37:53,210 [Worker-194: Building] INFO  o.e.m.c.i.embedder.EclipseLogger - skip non existing resourceDirectory C:\Users\sudeshna87\Desktop\Interview-exercise\ChessProject\src\main\resources
2021-03-09 21:37:53,211 [Worker-194: Building] INFO  o.e.m.c.i.embedder.EclipseLogger - Using 'UTF-8' encoding to copy filtered resources.
2021-03-09 21:37:53,211 [Worker-194: Building] INFO  o.e.m.c.i.embedder.EclipseLogger - skip non existing resourceDirectory C:\Users\sudeshna87\Desktop\Interview-exercise\ChessProject\src\test\resources
2021-03-09 21:43:05,350 [Worker-201: Building] INFO  o.e.m.c.i.embedder.EclipseLogger - Using 'UTF-8' encoding to copy filtered resources.
2021-03-09 21:43:05,351 [Worker-201: Building] INFO  o.e.m.c.i.embedder.EclipseLogger - skip non existing resourceDirectory C:\Users\sudeshna87\Desktop\Interview-exercise\ChessProject\src\main\resources
2021-03-09 21:43:05,351 [Worker-201: Building] INFO  o.e.m.c.i.embedder.EclipseLogger - Using 'UTF-8' encoding to copy filtered resources.
2021-03-09 21:43:05,352 [Worker-201: Building] INFO  o.e.m.c.i.embedder.EclipseLogger - skip non existing resourceDirectory C:\Users\sudeshna87\Desktop\Interview-exercise\ChessProject\src\test\resources
2021-03-09 21:43:56,382 [Worker-204: Building] INFO  o.e.m.c.i.embedder.EclipseLogger - Using 'UTF-8' encoding to copy filtered resources.
2021-03-09 21:43:56,383 [Worker-204: Building] INFO  o.e.m.c.i.embedder.EclipseLogger - skip non existing resourceDirectory C:\Users\sudeshna87\Desktop\Interview-exercise\ChessProject\src\main\resources
2021-03-09 21:43:56,384 [Worker-204: Building] INFO  o.e.m.c.i.embedder.EclipseLogger - Using 'UTF-8' encoding to copy filtered resources.
2021-03-09 21:43:56,384 [Worker-204: Building] INFO  o.e.m.c.i.embedder.EclipseLogger - skip non existing resourceDirectory C:\Users\sudeshna87\Desktop\Interview-exercise\ChessProject\src\test\resources
2021-03-09 21:45:59,080 [Worker-204: Building] INFO  o.e.m.c.i.embedder.EclipseLogger - Using 'UTF-8' encoding to copy filtered resources.
2021-03-09 21:45:59,131 [Worker-204: Building] INFO  o.e.m.c.i.embedder.EclipseLogger - skip non existing resourceDirectory C:\Users\sudeshna87\Desktop\Interview-exercise\ChessProject\src\main\resources
2021-03-09 21:45:59,132 [Worker-204: Building] INFO  o.e.m.c.i.embedder.EclipseLogger - Using 'UTF-8' encoding to copy filtered resources.
2021-03-09 21:45:59,132 [Worker-204: Building] INFO  o.e.m.c.i.embedder.EclipseLogger - skip non existing resourceDirectory C:\Users\sudeshna87\Desktop\Interview-exercise\ChessProject\src\test\resources
2021-03-09 21:46:24,263 [Worker-205: Building] INFO  o.e.m.c.i.embedder.EclipseLogger - Using 'UTF-8' encoding to copy filtered resources.
2021-03-09 21:46:24,263 [Worker-205: Building] INFO  o.e.m.c.i.embedder.EclipseLogger - skip non existing resourceDirectory C:\Users\sudeshna87\Desktop\Interview-exercise\ChessProject\src\main\resources
2021-03-09 21:46:24,265 [Worker-205: Building] INFO  o.e.m.c.i.embedder.EclipseLogger - Using 'UTF-8' encoding to copy filtered resources.
2021-03-09 21:46:24,265 [Worker-205: Building] INFO  o.e.m.c.i.embedder.EclipseLogger - skip non existing resourceDirectory C:\Users\sudeshna87\Desktop\Interview-exercise\ChessProject\src\test\resources
2021-03-09 21:48:35,827 [Worker-207: Building] INFO  o.e.m.c.i.embedder.EclipseLogger - Using 'UTF-8' encoding to copy filtered resources.
2021-03-09 21:48:35,866 [Worker-207: Building] INFO  o.e.m.c.i.embedder.EclipseLogger - skip non existing resourceDirectory C:\Users\sudeshna87\Desktop\Interview-exercise\ChessProject\src\main\resources
2021-03-09 21:48:35,867 [Worker-207: Building] INFO  o.e.m.c.i.embedder.EclipseLogger - Using 'UTF-8' encoding to copy filtered resources.
2021-03-09 21:48:35,867 [Worker-207: Building] INFO  o.e.m.c.i.embedder.EclipseLogger - skip non existing resourceDirectory C:\Users\sudeshna87\Desktop\Interview-exercise\ChessProject\src\test\resources
2021-03-09 21:49:37,033 [Worker-206: Building] INFO  o.e.m.c.i.embedder.EclipseLogger - Using 'UTF-8' encoding to copy filtered resources.
2021-03-09 21:49:37,033 [Worker-206: Building] INFO  o.e.m.c.i.embedder.EclipseLogger - skip non existing resourceDirectory C:\Users\sudeshna87\Desktop\Interview-exercise\ChessProject\src\main\resources
2021-03-09 21:49:37,035 [Worker-206: Building] INFO  o.e.m.c.i.embedder.EclipseLogger - Using 'UTF-8' encoding to copy filtered resources.
2021-03-09 21:49:37,035 [Worker-206: Building] INFO  o.e.m.c.i.embedder.EclipseLogger - skip non existing resourceDirectory C:\Users\sudeshna87\Desktop\Interview-exercise\ChessProject\src\test\resources
2021-03-09 22:20:41,199 [Worker-211: Building] INFO  o.e.m.c.i.embedder.EclipseLogger - Using 'UTF-8' encoding to copy filtered resources.
2021-03-09 22:20:41,199 [Worker-211: Building] INFO  o.e.m.c.i.embedder.EclipseLogger - skip non existing resourceDirectory C:\Users\sudeshna87\Desktop\Interview-exercise\ChessProject\src\main\resources
2021-03-09 22:20:41,200 [Worker-211: Building] INFO  o.e.m.c.i.embedder.EclipseLogger - Using 'UTF-8' encoding to copy filtered resources.
2021-03-09 22:20:41,200 [Worker-211: Building] INFO  o.e.m.c.i.embedder.EclipseLogger - skip non existing resourceDirectory C:\Users\sudeshna87\Desktop\Interview-exercise\ChessProject\src\test\resources
2021-03-10 08:36:23,221 [Worker-205: Building] INFO  o.e.m.c.i.embedder.EclipseLogger - Using 'UTF-8' encoding to copy filtered resources.
2021-03-10 08:36:23,221 [Worker-205: Building] INFO  o.e.m.c.i.embedder.EclipseLogger - skip non existing resourceDirectory C:\Users\sudeshna87\Desktop\Interview-exercise\ChessProject\src\main\resources
2021-03-10 08:36:23,222 [Worker-205: Building] INFO  o.e.m.c.i.embedder.EclipseLogger - Using 'UTF-8' encoding to copy filtered resources.
2021-03-10 08:36:23,223 [Worker-205: Building] INFO  o.e.m.c.i.embedder.EclipseLogger - skip non existing resourceDirectory C:\Users\sudeshna87\Desktop\Interview-exercise\ChessProject\src\test\resources
2021-03-10 08:37:46,414 [Worker-219: Building] INFO  o.e.m.c.i.embedder.EclipseLogger - Using 'UTF-8' encoding to copy filtered resources.
2021-03-10 08:37:46,414 [Worker-219: Building] INFO  o.e.m.c.i.embedder.EclipseLogger - skip non existing resourceDirectory C:\Users\sudeshna87\Desktop\Interview-exercise\ChessProject\src\main\resources
2021-03-10 08:37:46,433 [Worker-219: Building] INFO  o.e.m.c.i.embedder.EclipseLogger - Using 'UTF-8' encoding to copy filtered resources.
2021-03-10 08:37:46,433 [Worker-219: Building] INFO  o.e.m.c.i.embedder.EclipseLogger - skip non existing resourceDirectory C:\Users\sudeshna87\Desktop\Interview-exercise\ChessProject\src\test\resources
2021-03-10 09:41:50,403 [Worker-4: Loading available Gradle versions] INFO  o.e.b.c.i.u.g.PublishedGradleVersions - Gradle version information cache is up-to-date. Trying to read.
2021-03-10 09:44:51,188 [Worker-11: Building] INFO  o.e.m.c.i.embedder.EclipseLogger - Using 'UTF-8' encoding to copy filtered resources.
2021-03-10 09:44:51,190 [Worker-11: Building] INFO  o.e.m.c.i.embedder.EclipseLogger - skip non existing resourceDirectory C:\Users\sudeshna87\Desktop\Interview-exercise\ChessProject\src\main\resources
2021-03-10 09:44:51,193 [Worker-11: Building] INFO  o.e.m.c.i.embedder.EclipseLogger - Using 'UTF-8' encoding to copy filtered resources.
2021-03-10 09:44:51,194 [Worker-11: Building] INFO  o.e.m.c.i.embedder.EclipseLogger - skip non existing resourceDirectory C:\Users\sudeshna87\Desktop\Interview-exercise\ChessProject\src\test\resources
